ncsim(64) 15.20-s084
Linux 3.10.0-1160.88.1.el7.x86_64 #1 SMP Tue Mar 7 15:41:52 UTC 2023 x86_64
CPU cores: 256
Limit information:
======================================
cputime			unlimited
filesize		unlimited
datasize		unlimited
stacksize		8192 kbytes
coredumpsize	0 kbytes
memoryuse		unlimited
vmemoryuse		unlimited
descriptors		4096
memorylocked	64 kbytes
maxproc			4096
======================================
(Special)Runtime environment variables:

Runtime environment variables:
XDG_SESSION_ID=585388
SHELL=/bin/tcsh
HOST=ee21
SSH_CLIENT=140.113.0.229 60730 415
USER=dic299
GROUP=dic
HOSTTYPE=x86_64-linux
PATH=/RAID2/cad/MATLAB/bin/:/opt/btop/bin/:/RAID2/cad/Xilinx/Vivado/2020.2/bin:/RAID2/eda/jasper_2021.03//bin:/usr/cad/synopsys/cosmos_scope/cur/ai_bin:/usr/cad/mentor/Tessent/cur/bin:/usr/cad/synopsys/spyglass/2023.03//SPYGLASS_HOME/bin:/usr/cad/synopsys/icc/2022.03/amd64/syn/bin:/usr/cad/synopsys/primetime/2019.03-sp5-1//amd64/syn/bin:/usr/cad/synopsys/fc/2022.03/bin:/usr/cad/synopsys/lc/2022.03/bin:/usr/cad/synopsys/vc_formal/cur/bin:/usr/cad/synopsys/vcs/2022.06/amd64/bin:/usr/cad/synopsys/verdi/2019.06//bin:/usr/cad/synopsys/synthesis/2022.03/amd64/syn/bin:/cad/synopsys/lc/cur/bin:/usr/cad/cadence/SPECTRE/SPECTRE_19.10.322//tools/bin/64bit:/usr/cad/cadence/SPECTRE/SPECTRE_19.10.322//tools/dfII/bin/64bit:/usr/cad/cadence/SPECTRE/SPECTRE_19.10.322//tools/bin:/usr/cad/cadence/SPECTRE/SPECTRE_19.10.322//tools/dfII/bin:/usr/cad/cadence/SSV/SSV_21.12.000//tools/bin/64bit:/usr/cad/cadence/SSV/SSV_21.12.000//tools/bin:/usr/cad/cadence/QUANTUS/QUANTUS_21.11.000//tools/bin/64bit:/usr/cad/cadence/QUANTUS/QUANTUS_21.11.000//tools/bin:/usr/cad/cadence/PEGASUS/PEGASUS_21.20.000//tools/bin/64bit:/usr/cad/cadence/PEGASUS/PEGASUS_21.20.000//tools/bin:/usr/cad/cadence/JASPER/jasper_2023.09p001/bin:/usr/cad/cadence/INNOVUS/INNOVUS_20.15.000/tools/bin/64bit:/usr/cad/cadence/INNOVUS/INNOVUS_20.15.000/tools/bin:/usr/cad/cadence/INCISIV/INCISIVE_15.20.084/tools/bin/64bit:/usr/cad/cadence/INCISIV/INCISIVE_15.20.084/tools/bin:/usr/cad/cadence/XCELIUM/XCELIUM_22.03.003/tools/bin/64bit:/usr/cad/cadence/XCELIUM/XCELIUM_22.03.003/tools/bin:/usr/cad/cadence/GENUS/GENUS_20.10.000/tools/bin/64bit:/usr/cad/cadence/GENUS/GENUS_20.10.000/tools/bin:/usr/cad/mentor/calibre/aoi_cal_2019.2_26.18//bin:/usr/cad/synopsys/laker_oa/2021.06//bin:/usr/cad/synopsys/customexplorer/2022.06//bin:/usr/cad/synopsys/customcompiler/2020.12-sp1-2//bin:/usr/cad/synopsys/customcompiler/2020.12-sp1-2//primewave/bin:/usr/cad/synopsys/siliconsmart/2022.12/bin:/usr/cad/synopsys/xa/2022.06//bin:/usr/cad/synopsys/finesim/2022.06//bin:/RAID2/cad/synopsys/hspice/2020.03-sp2-2/hspice/bin:/RAID2/cad/synopsys/hspice/2020.03-sp2-2/hspice/GNU/linux64/gcc/bin:/RAID2/cad/synopsys/hspice/2020.03-sp2-2/hspice/linux64:/usr/bin:/usr/ucb/bin:/usr/cad/synopsys/hspice/2020.03-sp2-2//hspice/bin:/usr/cad/cadence/LIBERATE/LIBREATE_21.72.187/tools.lnx86/bin/64bit:/usr/cad/cadence/LIBERATE/LIBREATE_21.72.187/tools.lnx86/bin:/usr/cad/cadence/IC/IC_06.18.250/tools/bin:/usr/cad/cadence/IC/IC_06.18.250/tools/dracula/bin:/usr/cad/cadence/IC/IC_06.18.250/tools/dfII/bin:/usr/cad/cadence/IC/IC_06.18.250/tools/bin/64bit:/usr/cad/cadence/IC/IC_06.18.250/tools/dracula/bin/64bit:/usr/cad/cadence/IC/IC_06.18.250/tools/dfII/bin/64bit:/usr/lib64/qt-3.3/bin:/RAID2/COURSE/dic/dic299/.vscode-server/bin/0ee08df0cf4527e40edc9aa28f4b5bd38bbff2b2/bin/remote-cli:/usr/local/bin:/usr/bin:/usr/sbin/:/usr/sbin/:/RAID2/Tool/bin/
MAIL=/var/spool/mail/dic299
PWD=/RAID2/COURSE/dic/dic299/DIC_Final_Project/03_GATE
HOME=/RAID2/COURSE/dic/dic299
SHLVL=5
OSTYPE=linux
VENDOR=unknown
LOGNAME=dic299
MACHTYPE=x86_64
SSH_CONNECTION=140.113.0.229 60730 140.113.201.21 415
XDG_RUNTIME_DIR=/run/user/12248
_=/RAID2/COURSE/dic/dic299/.vscode-server/bin/0ee08df0cf4527e40edc9aa28f4b5bd38bbff2b2/node
BROWSER=/RAID2/COURSE/dic/dic299/.vscode-server/bin/0ee08df0cf4527e40edc9aa28f4b5bd38bbff2b2/bin/helpers/browser.sh
TERM_PROGRAM=vscode
TERM_PROGRAM_VERSION=1.85.1
COLORTERM=truecolor
GIT_ASKPASS=/RAID2/COURSE/dic/dic299/.vscode-server/bin/0ee08df0cf4527e40edc9aa28f4b5bd38bbff2b2/extensions/git/dist/askpass.sh
VSCODE_GIT_ASKPASS_NODE=/RAID2/COURSE/dic/dic299/.vscode-server/bin/0ee08df0cf4527e40edc9aa28f4b5bd38bbff2b2/node
VSCODE_GIT_ASKPASS_EXTRA_ARGS=
VSCODE_GIT_ASKPASS_MAIN=/RAID2/COURSE/dic/dic299/.vscode-server/bin/0ee08df0cf4527e40edc9aa28f4b5bd38bbff2b2/extensions/git/dist/askpass-main.js
VSCODE_GIT_IPC_HANDLE=/run/user/12248/vscode-git-c6a3ed1554.sock
VSCODE_IPC_HOOK_CLI=/run/user/12248/vscode-ipc-74303ee2-8001-48c9-866f-c7ff824d1a21.sock
TERM=xterm-256color
LS_COLORS=rs=0:di=38;5;27:ln=38;5;51:mh=44;38;5;15:pi=40;38;5;11:so=38;5;13:do=38;5;5:bd=48;5;232;38;5;11:cd=48;5;232;38;5;3:or=48;5;232;38;5;9:mi=05;48;5;232;38;5;15:su=48;5;196;38;5;15:sg=48;5;11;38;5;16:ca=48;5;196;38;5;226:tw=48;5;10;38;5;16:ow=48;5;10;38;5;21:st=48;5;21;38;5;15:ex=38;5;34:*.tar=38;5;9:*.tgz=38;5;9:*.arc=38;5;9:*.arj=38;5;9:*.taz=38;5;9:*.lha=38;5;9:*.lz4=38;5;9:*.lzh=38;5;9:*.lzma=38;5;9:*.tlz=38;5;9:*.txz=38;5;9:*.tzo=38;5;9:*.t7z=38;5;9:*.zip=38;5;9:*.z=38;5;9:*.Z=38;5;9:*.dz=38;5;9:*.gz=38;5;9:*.lrz=38;5;9:*.lz=38;5;9:*.lzo=38;5;9:*.xz=38;5;9:*.bz2=38;5;9:*.bz=38;5;9:*.tbz=38;5;9:*.tbz2=38;5;9:*.tz=38;5;9:*.deb=38;5;9:*.rpm=38;5;9:*.jar=38;5;9:*.war=38;5;9:*.ear=38;5;9:*.sar=38;5;9:*.rar=38;5;9:*.alz=38;5;9:*.ace=38;5;9:*.zoo=38;5;9:*.cpio=38;5;9:*.7z=38;5;9:*.rz=38;5;9:*.cab=38;5;9:*.jpg=38;5;13:*.jpeg=38;5;13:*.gif=38;5;13:*.bmp=38;5;13:*.pbm=38;5;13:*.pgm=38;5;13:*.ppm=38;5;13:*.tga=38;5;13:*.xbm=38;5;13:*.xpm=38;5;13:*.tif=38;5;13:*.tiff=38;5;13:*.png=38;5;13:*.svg=38;5;13:*.svgz=38;5;13:*.mng=38;5;13:*.pcx=38;5;13:*.mov=38;5;13:*.mpg=38;5;13:*.mpeg=38;5;13:*.m2v=38;5;13:*.mkv=38;5;13:*.webm=38;5;13:*.ogm=38;5;13:*.mp4=38;5;13:*.m4v=38;5;13:*.mp4v=38;5;13:*.vob=38;5;13:*.qt=38;5;13:*.nuv=38;5;13:*.wmv=38;5;13:*.asf=38;5;13:*.rm=38;5;13:*.rmvb=38;5;13:*.flc=38;5;13:*.avi=38;5;13:*.fli=38;5;13:*.flv=38;5;13:*.gl=38;5;13:*.dl=38;5;13:*.xcf=38;5;13:*.xwd=38;5;13:*.yuv=38;5;13:*.cgm=38;5;13:*.emf=38;5;13:*.axv=38;5;13:*.anx=38;5;13:*.ogv=38;5;13:*.ogx=38;5;13:*.aac=38;5;45:*.au=38;5;45:*.flac=38;5;45:*.mid=38;5;45:*.midi=38;5;45:*.mka=38;5;45:*.mp3=38;5;45:*.mpc=38;5;45:*.ogg=38;5;45:*.ra=38;5;45:*.wav=38;5;45:*.axa=38;5;45:*.oga=38;5;45:*.spx=38;5;45:*.xspf=38;5;45:
SSH_ASKPASS=/usr/libexec/openssh/gnome-ssh-askpass
LESSOPEN=||/usr/bin/lesspipe.sh %s
QTDIR=/usr/lib64/qt-3.3
QTINC=/usr/lib64/qt-3.3/include
QTLIB=/usr/lib64/qt-3.3/lib
QT_GRAPHICSSYSTEM_CHECKED=1
LD_LIBRARY_PATH=/RAID2/cad/synopsys/verdi/cur/share/PLI/IUS/linux64/boot:/RAID2/cad/synopsys/verdi/cur/share/PLI/lib/linux64
CDSHOME=/usr/cad/cadence/IC/IC_06.18.250
CDS_Netlisting_Mode=Analog
LM_LICENSE_FILE=26585@lshc:1717@lshc:5280@lshc:5280@lstn:5280@lstc:26585@lstn:26585@lstc:1717@lstc:1717@lstn:
installdir=/RAID2/cad/synopsys/hspice/2020.03-sp2-2/hspice
ARCH=linux64
CMIARCH=RH_64
mraarch=linux_64
TMIARCH=RH_64
HSP_HOME=/RAID2/cad/synopsys/hspice/2020.03-sp2-2/hspice
CDPL_HOME=/RAID2/cad/synopsys/hspice/2020.03-sp2-2/hspice/cdpl
SPAPI_AHDL_INCLUDE=/RAID2/cad/synopsys/hspice/2020.03-sp2-2/hspice/include
HSP_SIGMA_AMP=/RAID2/cad/synopsys/hspice/2020.03-sp2-2/hspice/linux64/python/Omega/Omega
SNPS_PLATFORM=linux64
HSP_GCC=/RAID2/cad/synopsys/hspice/2020.03-sp2-2/hspice/GNU/linux64/gcc/bin/gcc -m64 
SNPS_64=1
HSP_GCC_VERSION=7.3.0
CDS_LOAD_ENV=CSF
FINESIM_64=1
FINEWAVE_64=1
POWERVIEW_64=1
SYN_MAN_DIR=/usr/cad/synopsys/star-rcxt/2019.12-sp5-3//starrc/man
MANPATH=/usr/cad/synopsys/siliconsmart/2022.12/ncx/man:/usr/cad/synopsys/synthesis/2022.03/doc/syn/man:/usr/cad/synopsys/vcs/2022.06/doc/man:/usr/cad/synopsys/lc/2022.03/doc/lc/man:/usr/cad/synopsys/star-rcxt/2019.12-sp5-3//starrc/man
SYNOPSYS_NCX_ROOT=/usr/cad/synopsys/star-rcxt/2019.12-sp5-3/
Laker_TCL_L3=1
Laker_TCL_ToolBox=1
MGC_HOME=/usr/cad/mentor/calibre/aoi_cal_2019.2_26.18/
CALIBRE_HOME=/usr/cad/mentor/calibre/aoi_cal_2019.2_26.18/
MGC_TMPDIR=/tmp
MGC_LOCATION_MAP=NO_MAP
CDS_AUTO_64BIT=ALL
SYNOPSYS_LC_ROOT=/cad/synopsys/lc/cur
SHLIB_PATH=/usr/cad/synopsys/verdi/2019.06//etc/lib/libstdc++/LINUX64/:/usr/cad/synopsys/verdi/2019.06//share/PLI/lib/LINUX64/:/usr/cad/synopsys/verdi/2019.06//share/PLI/VCS/LINUX64/:
VERDI_HOME=/usr/cad/synopsys/verdi/2019.06/
VCS_HOME=/usr/cad/synopsys/vcs/2022.06
VCS_CC=gcc
SYNOPSYS=/usr/cad/synopsys/synthesis/cur/
VC_STATIC_HOME=/usr/cad/synopsys/vc_formal/cur/
XLOCALEDIR=/usr/cad/synopsys/icc2/2021.06-sp5//etc/locale
ICV_HOME_DIR=/usr/cad/synopsys/icvalidator/2021.06-sp2/
JGOLD_dir=/RAID2/eda/jasper_2021.03/
MGLS_LICENSE_FILE=1717@lshc
_IRUNROOT_=/usr/cad/cadence/INCISIV/INCISIVE_15.20.084/tools
CDS_ARCH=lnx86
NCRUNMODE=irun:./INCA_libs/irun.lnx8664.15.20.nc
IRUNBATCH=FALSE
IMPERAS_PORT_FILE=.vsp_ovp_gdb_port
TCL_LIBRARY=/usr/cad/cadence/INCISIV/INCISIVE_15.20.084/tools/inca/files/tcl/library
Runtime command line arguments:
argv[0]=irun
argv[1]=../03_GATE/TESTBED.v
argv[2]=-define
argv[3]=GATE
argv[4]=-debug
argv[5]=-v
argv[6]=asap7sc7p5t_SIMPLE_RVT_TT_08302018.v
argv[7]=asap7sc7p5t_SEQ_RVT_TT_08302018.v
argv[8]=asap7sc7p5t_INVBUF_RVT_TT_08302018.v
argv[9]=-nontcglitch
argv[10]=-loadpli1
argv[11]=debpli:novas_pli_boot
117 profile - 100
          CPU/Mem usage: 0.060 sys,  0.020 user,  108.22M sys,  0.00M vm
118 VC callback profile - scalar:0 vector:0
119 Mon Jan  8 17:14:40 2024
120 pliAppInit
121 FSDB_GATE is disabled.
122 Enable Parallel Dumping.
123 pliAppMiscSet: New Sim Round
124 pliEntryInit
125 LIBSSCORE=found /RAID2/cad/synopsys/verdi/cur/share/PLI/IUS/linux64/boot/libsscore_ius152.so through $LD_LIBRARY_PATH setting.
126 argv[0]: Convolution_SYN.fsdb
127 argv[0]: 0
128 argv[1]: +mda
129 FSDB Dumper for IUS, Release Verdi_P-2019.06, Linux x86_64/64bit, 05/26/2019
130 (C) 1996 - 2019 by Synopsys, Inc.
131 sps_call_fsdbDumpfile at 0 : /RAID2/COURSE/dic/dic299/DIC_Final_Project/03_GATE/TESTBED.v(95)
132 argv[0]: Convolution_SYN.fsdb
133 *Verdi* FSDB WARNING: The FSDB file already exists. Overwriting the FSDB file may crash the programs that are using this file.
134 *Verdi* : Create FSDB file 'Convolution_SYN.fsdb'
135 sps_call_fsdbDumpvars at 0 : /RAID2/COURSE/dic/dic299/DIC_Final_Project/03_GATE/TESTBED.v(98)
136 argv[0]: 0
137 argv[1]: +mda
138 *Verdi* : Begin traversing the scopes, layer (0).
139 *Verdi* : Enable +mda dumping.
140 Cell instance `TESTBED.u_Convolution.U3'.
141 *Verdi* : End of traversing.
142 fsdbDumpvars traverse var: profile - 
          CPU/Mem usage: 0.080 sys,  0.180 user,  207.55M sys,  0.00M vm
                   incr: 0.010 sys,  0.150 user,  18.04M sys,  0.00M vm
                   accu: 0.010 sys,  0.150 user,  18.04M sys,  0.00M vm
              accu incr: 0.010 sys,  0.150 user,  18.04M sys,  0.00M vm

          Count usage: 32588 var,  19100 idcode,  19101 callback
                 incr: 32588 var,  19100 idcode,  19101 callback
                 accu: 32588 var,  19100 idcode,  19101 callback
            accu incr: 32588 var,  19100 idcode,  19101 callback
143 VC callback profile - scalar:0 vector:0
144 Mon Jan  8 17:14:40 2024
145 fsdbDumpvars: profile - 
          CPU/Mem usage: 0.080 sys,  0.180 user,  208.74M sys,  0.00M vm
                   incr: 0.000 sys,  0.000 user,  1.19M sys,  0.00M vm
                   accu: 0.010 sys,  0.150 user,  19.23M sys,  0.00M vm
              accu incr: 0.000 sys,  0.000 user,  1.19M sys,  0.00M vm

          Count usage: 32588 var,  19100 idcode,  19101 callback
                 incr: 0 var,  0 idcode,  0 callback
                 accu: 32588 var,  19100 idcode,  19101 callback
            accu incr: 0 var,  0 idcode,  0 callback
146 VC callback profile - scalar:17332 vector:1768
147 Mon Jan  8 17:14:40 2024
148 End of simulation at 174000
149 VC callback profile - scalar:445169 vector:10579
150 Mon Jan  8 17:14:40 2024
151 Begin FSDB profile info:
152 FSDB Writer : bc1(445168) bcn(10580) mtf/stf(0/0)
FSDB Writer elapsed time : flush(0.067051) io wait(0.000000) theadpool wait(0.000000) target functin(0.000000)
FSDB Writer cpu time : MT Compression : 0
153 End FSDB profile info
154 Parallel profile    -  Flush:3 Expand:0 ProduceWait:0 ConsumerWait:1 BlockUsed:4
155                        ProduceTime:0.357021779 ConsumerTime:0.037120886 Buffer:64MB
156 SimExit
157 Sim process exit
