irun(64): 15.20-s084: (c) Copyright 1995-2020 Cadence Design Systems, Inc.
TOOL:	irun(64)	15.20-s084: Started on Jan 08, 2024 at 17:11:17 CST
irun
	../00_TESTBED/TESTBED.v
	-define RTL
	-debug
	-notimingchecks
	-loadpli1 debpli:novas_pli_boot
file: ../00_TESTBED/TESTBED.v
	module worklib.Convolution:v
		errors: 0, warnings: 0
			$fscanf(input_In , "%d" , Pattern_ifm[row_in][col_in]);
			      |
ncvlog: *W,NOSYST (../00_TESTBED/PATTERN.v,582|9): System function '$fscanf' invoked as a task. Return value will be ignored.
(`include file: ../00_TESTBED/PATTERN.v line 582, file: ../00_TESTBED/TESTBED.v line 8)
		$fscanf(input_Weight , "%d" , Pattern_weight[col_weight]);
		      |
ncvlog: *W,NOSYST (../00_TESTBED/PATTERN.v,594|8): System function '$fscanf' invoked as a task. Return value will be ignored.
(`include file: ../00_TESTBED/PATTERN.v line 594, file: ../00_TESTBED/TESTBED.v line 8)
		$fscanf(input_Out , "%d" , Pattern_ofm[col_out]);
		      |
ncvlog: *W,NOSYST (../00_TESTBED/PATTERN.v,605|8): System function '$fscanf' invoked as a task. Return value will be ignored.
(`include file: ../00_TESTBED/PATTERN.v line 605, file: ../00_TESTBED/TESTBED.v line 8)
	module worklib.PATTERN:v
		errors: 0, warnings: 3
	module worklib.TESTBED:v
		errors: 0, warnings: 0
		Caching library 'worklib' ....... Done
	Elaborating the design hierarchy:
	Top level design units:
		TESTBED
	Building instance overlay tables: .................... Done
	Generating native compiled code:
		worklib.Convolution:v <0x2dc05db2>
			streams:  10, words: 22060
		worklib.PATTERN:v <0x1e94c96e>
			streams:  16, words: 120992
		worklib.TESTBED:v <0x15fa5883>
			streams:   1, words:   613
	Building instance specific data structures.
	Loading native compiled code:     .................... Done
	Design hierarchy summary:
		                 Instances  Unique
		Modules:                 3       3
		Registers:             159     159
		Scalar wires:            5       -
		Vectored wires:         66       -
		Always blocks:           7       7
		Initial blocks:          6       6
		Cont. assignments:       2       2
		Simulation timescale:  1ps
	Writing initial simulation snapshot: worklib.TESTBED:v
Loading snapshot worklib.TESTBED:v .................... Done
*Verdi* Loading libsscore_ius152.so
ncsim> source /usr/cad/cadence/INCISIV/INCISIVE_15.20.084/tools/inca/files/ncsimrc
ncsim> run
FSDB Dumper for IUS, Release Verdi_P-2019.06, Linux x86_64/64bit, 05/26/2019
(C) 1996 - 2019 by Synopsys, Inc.
*Verdi* FSDB WARNING: The FSDB file already exists. Overwriting the FSDB file may crash the programs that are using this file.
*Verdi* : Create FSDB file 'Convolution.fsdb'
*Verdi* : Begin traversing the scopes, layer (0).
*Verdi* : Enable +mda dumping.
*Verdi* : End of traversing.
[37m                                                                                                                                          
[37m                                                                                [32m      :BBQvi.                                              
[37m                                                              .i7ssrvs7         [32m     BBBBBBBBQi                                           
[37m                        .:r7rrrr:::.        .::::::...   .i7vr:.      .B:       [32m    :BBBP :7BBBB.                                         
[37m                      .Kv.........:rrvYr7v7rr:.....:rrirJr.   .rgBBBBg  Bi      [32m    BBBB     BBBB                                         
[37m                     7Q  :rubEPUri:.       ..:irrii:..    :bBBBBBBBBBBB  B      [32m   iBBBv     BBBB       vBr                               
[37m                    7B  BBBBBBBBBBBBBBB::BBBBBBBBBBBBBBBBBBBBBBBBBBBBBBB :R     [32m   BBBBBKrirBBBB.     :BBBBBB:                            
[37m                   Jd .BBBBBBBBBBBBBBBBBBBBBBBBBBBBBBBBBBBBBBBBBBBBBBBBB: Bi    [32m  rBBBBBBBBBBBR.    .BBBM:BBB                             
[37m                  uZ .BBBBBBBBBBBBBBBBBBBBBBBBBBBBBBBBBBBBBBBBBBBBBBBBBBB .B    [32m  BBBB   .::.      EBBBi :BBU                             
[37m                 7B .BBBBBBBBBBBBBBBBBBBBBBBBBBBBBBBBBBBBBBBBBBBBBBBBBBBB  B    [32m MBBBr           vBBBu   BBB.                             
[37m                .B  BBBBBBBBBBBBBBBBBBBBBBBBBBBBBBBBBBBBBBBBBBBBBBBBBBBBB: JJ   [32m i7PB          iBBBBB.  iBBB                              
[37m                B. BBBBBBBBBBBBBBBBBBBBBBBBBBBBBBBBBBBBBBBBBBBBBBBBBBBBBBB  Lu             [32m  vBBBBPBBBBPBBB7       .7QBB5i                
[37m               Y1 KBBBBBBBBBBBBBBBBBBBBBBBBBBBBBBBBBBBBBBBBBBBBBBi XBBBBBBBi :B            [32m :RBBB.  .rBBBBB.      rBBBBBBBB7              
[37m              :B .BBBBBBBBBBBBBsRBBBBBBBBBBBrQBBBBB. UBBBRrBBBBBBr 1BBBBBBBBB  B.          [32m    .       BBBB       BBBB  :BBBB             
[37m              Bi BBBBBBBBBBBBBi :BBBBBBBBBBE .BBK.  .  .   QBBBBBBBBBBBBBBBBBB  Bi         [32m           rBBBr       BBBB    BBBU            
[37m             .B .BBBBBBBBBBBBBBQBBBBBBBBBBBB       [38;2;242;172;172mBBv [37m.LBBBBBBBBBBBBBBBBBBBBBB. B7.:ii:   [32m           vBBB        .BBBB   :7i.            
[37m            .B  PBBBBBBBBBBBBBBBBBBBBBBBBBBBBbYQB. [38;2;242;172;172mBB: [37mBBBBBBBBBBBBBBBBBBBBBBBBB  Jr:::rK7 [32m             .7  BBB7   iBBBg                  
[37m           7M  PBBBBBBBBBBBBBBBBBBBBBBBBBBBBBBBBB  [38;2;242;172;172mBB. [37mBBBBBBBBBBBBBBBBBBBBBBB..i   .   v1                  [32mdBBB.   5BBBr                 
[37m          sZ .BBBBBBBBBBBBBBBBBBBBBBBBBBBBBBBBBBB  [38;2;242;172;172mBB. [37mBBBBBBBBBBBBBBBBBBBBBBBBBBB iD2BBQL.                 [32m ZBBBr  EBBBv     YBBBBQi     
[37m  .7YYUSIX5 .BBBBBBBBBBBBBBBBBBBBBBBBBBBBBBBBBBBB  [38;2;242;172;172mBB. [37mBBBBBBBBBBBBBBBBBBBBBBBBY.:.      :B                 [32m  iBBBBBBBBD     BBBBBBBBB.   
[37m LB.        ..BBBBBBBBBBBBBBBBBBBBBBBBBBBBBBBBBBB. [38;2;242;172;172mBB: [37mBBBBBBBBBBBBBBBBBBBBBBBBMBBB. BP17si                 [32m    :LBBBr      vBBBi  5BBB   
[37m  KvJPBBB :BBBBBBBBBBBBBBBBBBBBBBBBBBBBBBBBBBBBBB: [38;2;242;172;172mZB: [37mBBBBBBBBBBBBBBBBBBBBBBBBBsiJr .i7ssr:                [32m          ...   :BBB:   BBBu  
[37m i7ii:.   ::BBBBBBBBBBBBBBBBBBBBBBBBBBBBBBBBBBBBBj [38;2;242;172;172muBi [37mQBBBBBBBBBBBBBBBBBBBBBBBBi.ir      iB                [32m         .BBBi   BBBB   iMBu  
[37mDB    .  vBdBBBBBBBBBBBBBBBBBBBBBBBBBBBBBBBBBBBBBg [38;2;242;172;172m7Bi [37mBBBBBBBBBBBBBBBBBBBBBBBBBBBBB rBrXPv.                [32m          BBBX   :BBBr        
[37m :vQBBB. BQBBBBBBBBBBBBBBBBBBBBBBBBBBBBBBBBBBBBBBQ [38;2;242;172;172miB: [37mBBBBBBBBBBBBBBBBBBBBBBBBBBBBB .L:ii::irrrrrrrr7jIr   [32m          .BBBv  :BBBQ        
[37m :7:.   .. 5BBBBBBBBBBBBBBBBBBBBBBBBBBBBBBBBBBBBBB  [38;2;242;172;172mBr [37mBBBBBBBBBBBBBBBBBBBBBBBBBBBB:            ..... ..YB. [32m           .BBBBBBBBB:        
[37mBU  .:. BBBBBBBBBBBBBBBBBBBBBBBBBBBBBBBBBBBBBBBBBB  [38;2;242;172;172mB7 [37mgBBBBBBBBBBBBBBBBBBBBBBBBBB. gBBBBBBBBBBBBBBBBBB. BL [32m             rBBBBB1.         
[37m rY7iB: BBBBBBBBBBBBBBBBBBBBBBBBBBBBBBBBBBBBBBBBBB: [38;2;242;172;172mB7 [37mBBBBBBBBBBBBBBBBBBBBBBBBBB. QBBBBBBBBBBBBBBBBBi  v5                                
[37m     us EBBBBBBBBBBBBBBBBBBBBBBBBBBBBBBBBBBBBBBBBBB [38;2;242;172;172mIr [37mBBBBBBBBBBBBBBBBBBBBBBBBBBBBBBBBBgu7i.:BBBBBBBr Bu                                 
[37m      B  7BBBBBBBBBBBBBBBBBBBBBBBBBBBBBBBBBBBBBBBBB.[38;2;242;172;172m:i [37mBBBBBBBBBBBBBBBBBBBBBBBBBBBv:.  .. :::  .rr    rB                                  
[37m      us  .BBBBBBBBBBBBBQLXBBBBBBBBBBBBBBBBBBBBBBBBq  .BBBBBBBBBBBBBBBBBBBBBBBBBv  :iJ7vri:::1Jr..isJYr                                   
[37m      B  BBBBBBB  MBBBM      qBBBBBBBBBBBBBBBBBBBBBB: BBBBBBBBBBBBBBBBBBBBBBBBBB  B:           iir:                                       
[37m     iB iBBBBBBBL       BBBP. :BBBBBBBBBBBBBBBBBBBBBBBBBBBBBBBBBBBBBBBBBBBBBBBB  B.                                                       
[37m     P: BBBBBBBBBBB5v7gBBBBBB  BBBBBBBBBBBBBBBBBBBBBBBBBBBBBBBBBBBBBBBBBBBBBBB: Br                                                        
[37m     B  BBBs 7BBBBBBBBBBBBBB7 :BBBBBBBBBBBBBBBBBBBBBBBBBBBBBBBBBBBBBBBBBBBBBBB .B                                                         
[37m    .B :BBBB.  EBBBBBQBBBBBJ .BBBBBBBBBBBBBBBBBBBBBBBBBBBBBBBBBBBBBBBBBBBBBBB. B.                                                         
[37m    ij qBBBBBg          ..  .BBBBBBBBBBBBBBBBBBBBBBBBBBBBBBBBBBBBBBBBBBBBBBBB .B                                                          
[37m    UY QBBBBBBBBSUSPDQL...iBBBBBBBBBBBBBBBBBBBBBBBBBBBBBBBBBBBBBBBBBBBBBBBBBK EL                                                          
[37m    B7 BBBBBBBBBBBBBBBBBBBBBBBBBBBBBBBBBBBBBBBBBBBBBBBBBBBBBBBBBBBBBBBBBBBBB: B:                                                          
[37m    B  BBBBBBBBBBBBBBBBBBBBBBBBBBBBBBBBBBBBBBBYrBB vBBBBBBBBBBBBBBBBBBBBBBBB. Ls                                                          
[37m    B  BBBBBBBBBBBBBBBBBBBBBBBBBBBBBBBBBBBBBBBi_  /UBBBBBBBBBBBBBBBBBBBBBBBBB. :B:                                                        
[37m   rM .BBBBBBBBBBBBBBBBBBBBBBBBBBBBBBBBBBBBBBBB  ..IBBBBBBBBBBBBBBBBQBBBBBBBBBB  B                                                        
[37m   B  BBBBBBBBBdZBBBBBBBBBBBBBBBBBBBBBBBBBBBBBBPBBBBBBBBBBBBEji:..     sBBBBBBBr Br                                                       
[37m  7B 7BBBBBBBr     .:vXQBBBBBBBBBBBBBBBBBBBBBBBBBQqui::..  ...i:i7777vi  BBBBBBr Bi                                                       
[37m  Ki BBBBBBB  rY7vr:i....  .............:.....  ...:rii7vrr7r:..      7B  BBBBB  Bi                                                       
[37m  B. BBBBBB  B:    .::ir77rrYLvvriiiiiiirvvY7rr77ri:..                 bU  iQBB:..rI                                                      
[37m.S: 7BBBBP  B.                                                          vI7.  .:.  B.                                                     
[37mB: ir:.   :B.                                                             :rvsUjUgU.                                                      
[37mrMvrrirJKur                                                                                                                               [m
-----------------------------------------------------------------------------------------------------------------------------------
                                                  Congratulations!                						                          
                                           You have passed all patterns!          						                          
                                           Total latency: 50.500000 cycles                						             
-----------------------------------------------------------------------------------------------------------------------------------
Simulation complete via $finish(1) at time 174 NS + 0
../00_TESTBED/PATTERN.v:667 $finish;	
ncsim> exit
TOOL:	irun(64)	15.20-s084: Exiting on Jan 08, 2024 at 17:11:20 CST  (total: 00:00:03)
