;! output_format 5.3
; header 115716504612
; 
;                                   PrimePower 
; 
;               Version P-2019.03-SP5-1 for linux64 - Dec 13, 2019 
; 
;                     Copyright (c) 1988 - 2019 Synopsys, Inc.
;    This software and the associated documentation are proprietary to Synopsys,
;  Inc. This software may only be used in accordance with the terms and conditions
;  of a written license agreement with Synopsys, Inc. All other use, reproduction,
;             or distribution of this software is strictly prohibited.
;

;
.time_resolution 1
.hier_separator /
.index Pc(Convolution) 1 Pc
.index Pc(Convolution/add_0_root_add_0_root_add_372_31) 2 Pc
.index Pc(Convolution/add_2_root_add_0_root_add_372_31) 3 Pc
.index Pc(Convolution/mult_372_10) 4 Pc
.index Pc(Convolution/mult_372_11) 5 Pc
.index Pc(Convolution/mult_372) 6 Pc
.index Pc(Convolution/mult_372_12) 7 Pc
.index Pc(Convolution/mult_372_13) 8 Pc
.index Pc(Convolution/mult_372_14) 9 Pc
.index Pc(Convolution/add_1_root_add_0_root_add_372_31) 10 Pc
.index Pc(Convolution/mult_372_15) 11 Pc
.index Pc(Convolution/mult_372_16) 12 Pc
.index Pc(Convolution/mult_372_17) 13 Pc
.index Pc(Convolution/mult_372_18) 14 Pc
.index Pc(Convolution/mult_372_19) 15 Pc
.index Pc(Convolution/mult_372_20) 16 Pc
.index Pc(Convolution/mult_372_21) 17 Pc
.index Pc(Convolution/mult_372_22) 18 Pc
.index Pc(Convolution/mult_372_23) 19 Pc
.index Pc(Convolution/mult_372_24) 20 Pc
.index Pc(Convolution/mult_372_25) 21 Pc
.index Pc(Convolution/mult_372_26) 22 Pc
.index Pc(Convolution/mult_372_27) 23 Pc
.index Pc(Convolution/mult_372_28) 24 Pc
.index Pc(Convolution/mult_372_29) 25 Pc
.index Pc(Convolution/mult_372_30) 26 Pc
.index Pc(Convolution/mult_372_31) 27 Pc
.index Pc(Convolution/mult_372_32) 28 Pc
.index Pc(Convolution/mult_372_2) 29 Pc
.index Pc(Convolution/mult_372_3) 30 Pc
.index Pc(Convolution/mult_372_4) 31 Pc
.index Pc(Convolution/mult_372_5) 32 Pc
.index Pc(Convolution/mult_372_6) 33 Pc
.index Pc(Convolution/mult_372_7) 34 Pc
.index Pc(Convolution/mult_372_8) 35 Pc
.index Pc(Convolution/mult_372_9) 36 Pc
0
2  3.705e-09
10  3.391e-09
3  3.391e-09
36  4.343e-09
35  4.343e-09
34  4.343e-09
33  4.343e-09
32  4.343e-09
31  4.343e-09
30  4.343e-09
29  4.343e-09
28  4.343e-09
27  4.343e-09
26  4.343e-09
25  4.343e-09
24  4.343e-09
23  4.343e-09
22  4.343e-09
21  4.343e-09
20  4.343e-09
19  4.343e-09
18  4.343e-09
17  4.343e-09
16  4.343e-09
15  4.343e-09
14  4.343e-09
13  4.343e-09
12  4.343e-09
11  4.343e-09
9  4.343e-09
8  4.343e-09
7  4.343e-09
6  4.343e-09
5  4.343e-09
4  4.343e-09
1  3.713e-07
20
1  5.527e-05
21
1  3.596e-07
40
1  4.184e-05
41
1  1.462e-04
42
1  1.675e-04
43
1  1.462e-04
44
1  1.675e-04
45
1  1.462e-04
46
1  1.675e-04
47
1  1.462e-04
48
1  1.675e-04
49
1  1.462e-04
50
1  1.675e-04
51
1  1.462e-04
52
1  1.675e-04
53
1  1.462e-04
54
1  4.103e-04
55
26  8.909e-06
14  8.488e-07
27  7.044e-06
15  7.583e-06
13  2.907e-06
12  8.948e-06
6  3.566e-06
2  6.691e-06
3  7.424e-06
16  1.134e-05
17  7.214e-06
28  4.545e-06
18  1.043e-05
29  1.297e-05
4  3.601e-06
23  8.147e-06
21  2.229e-07
19  6.817e-06
36  1.373e-07
32  1.140e-05
5  8.409e-06
10  8.147e-06
34  6.919e-06
22  6.532e-06
24  8.039e-06
31  1.150e-05
8  1.193e-05
35  9.175e-06
20  1.133e-05
30  6.199e-06
7  9.677e-06
11  9.784e-06
9  1.148e-05
33  1.545e-05
1  8.173e-04
25  1.169e-05
56
21  4.457e-09
36  4.431e-09
13  4.466e-09
12  4.659e-09
14  4.372e-09
2  3.758e-09
15  4.647e-09
11  4.705e-09
9  4.740e-09
3  3.458e-09
19  4.652e-09
4  4.588e-09
7  4.706e-09
16  4.709e-09
10  3.488e-09
28  4.603e-09
26  4.573e-09
24  4.669e-09
8  4.774e-09
27  4.649e-09
6  4.588e-09
22  4.572e-09
34  4.606e-09
20  4.709e-09
18  4.731e-09
5  4.679e-09
31  4.765e-09
23  4.651e-09
29  4.622e-09
33  4.865e-09
30  4.593e-09
35  4.710e-09
32  4.765e-09
17  4.584e-09
25  4.765e-09
1  2.932e-04
57
27  1.422e-05
15  3.274e-06
6  1.496e-05
16  4.618e-06
2  7.732e-06
18  1.714e-05
28  1.454e-05
17  1.287e-05
3  1.081e-05
5  7.935e-06
10  6.508e-06
4  9.857e-06
23  1.710e-05
36  6.018e-07
24  7.504e-06
9  6.275e-06
11  9.430e-06
34  1.091e-05
32  1.166e-05
35  9.090e-06
33  1.269e-05
25  8.174e-06
7  1.309e-05
8  7.152e-06
30  1.804e-05
31  1.242e-05
26  1.048e-05
20  8.740e-06
29  1.490e-05
12  4.812e-06
14  5.921e-06
19  3.448e-06
22  1.077e-05
1  7.919e-04
13  5.770e-06
58
27  4.651e-09
10  3.454e-09
17  4.622e-09
9  4.473e-09
19  4.367e-09
36  4.404e-09
2  3.739e-09
8  4.769e-09
7  4.351e-09
34  4.508e-09
6  4.739e-09
11  4.458e-09
13  4.741e-09
14  4.652e-09
15  4.450e-09
31  4.542e-09
28  4.707e-09
4  4.473e-09
35  4.135e-09
20  4.223e-09
22  4.595e-09
33  4.458e-09
29  4.690e-09
3  3.438e-09
32  4.196e-09
25  4.521e-09
16  4.355e-09
24  4.144e-09
12  4.526e-09
30  4.747e-09
5  4.617e-09
26  4.452e-09
18  4.614e-09
23  4.647e-09
1  2.454e-04
59
13  2.571e-06
27  7.771e-06
6  8.641e-06
15  9.871e-06
16  6.353e-06
18  7.644e-06
2  4.980e-06
3  9.440e-06
23  9.483e-06
4  1.056e-05
19  6.505e-06
36  3.675e-07
35  9.067e-06
33  6.870e-06
34  8.842e-06
14  2.305e-06
9  6.452e-06
5  9.911e-06
31  6.751e-06
11  6.224e-06
32  5.544e-06
26  1.120e-05
25  8.917e-06
10  9.460e-06
8  1.344e-05
30  1.790e-05
22  1.226e-05
21  1.767e-05
29  1.336e-05
20  5.963e-06
7  1.059e-05
24  1.217e-05
1  7.402e-04
12  1.739e-06
60
3  3.443e-09
10  3.442e-09
6  4.531e-09
13  4.526e-09
9  4.740e-09
33  4.531e-09
2  3.753e-09
36  4.387e-09
14  4.490e-09
34  4.430e-09
32  4.583e-09
8  4.114e-09
31  4.366e-09
11  4.713e-09
7  4.725e-09
30  4.306e-09
12  4.599e-09
19  4.432e-09
20  4.463e-09
4  4.668e-09
24  4.625e-09
25  4.563e-09
16  4.039e-09
23  4.762e-09
27  4.620e-09
26  4.397e-09
18  4.462e-09
22  4.307e-09
29  4.506e-09
35  4.589e-09
21  4.721e-09
15  4.491e-09
5  4.247e-09
1  2.587e-04
61
13  6.945e-06
15  5.204e-06
6  1.321e-05
16  3.116e-06
2  6.860e-06
18  1.091e-05
10  5.849e-06
17  1.491e-05
3  6.259e-06
23  1.176e-05
29  9.478e-06
19  5.742e-06
14  3.198e-06
25  9.312e-06
5  1.668e-05
22  1.247e-05
26  1.261e-05
21  8.867e-06
11  1.111e-05
27  8.308e-06
35  2.771e-06
31  7.937e-06
30  1.108e-05
32  6.988e-06
12  7.515e-06
36  2.889e-07
34  8.960e-06
33  1.504e-05
20  5.786e-06
9  1.201e-05
7  1.007e-05
1  7.357e-04
24  1.198e-05
62
3  3.460e-09
10  3.444e-09
17  4.624e-09
36  4.473e-09
35  4.376e-09
33  4.593e-09
34  4.372e-09
32  4.724e-09
31  4.007e-09
9  4.319e-09
30  4.457e-09
11  4.547e-09
12  4.367e-09
7  4.361e-09
14  4.600e-09
15  4.226e-09
27  4.605e-09
5  4.676e-09
21  4.695e-09
19  4.315e-09
20  4.540e-09
6  4.312e-09
22  4.514e-09
16  4.285e-09
18  4.655e-09
25  4.298e-09
24  4.054e-09
13  4.146e-09
29  4.821e-09
2  3.782e-09
26  4.380e-09
23  4.610e-09
1  2.603e-04
63
9  7.276e-06
13  3.031e-06
14  3.862e-06
15  7.404e-06
6  1.448e-05
16  7.769e-06
19  3.612e-06
2  9.052e-06
18  1.665e-05
28  1.473e-05
17  1.440e-05
3  1.717e-05
5  9.695e-06
4  5.498e-06
23  1.486e-05
29  1.017e-05
10  9.674e-06
22  1.188e-05
20  3.097e-06
35  6.360e-06
27  8.962e-06
21  1.023e-05
30  1.130e-05
8  1.418e-05
12  9.459e-06
26  5.031e-06
36  2.462e-07
34  1.115e-05
32  1.020e-05
11  1.408e-05
25  1.176e-05
31  1.119e-05
24  1.193e-05
1  8.504e-04
7  1.373e-05
64
19  4.600e-09
23  4.550e-09
27  4.494e-09
3  3.428e-09
21  4.593e-09
10  3.443e-09
6  4.728e-09
29  4.612e-09
17  4.438e-09
25  4.472e-09
26  4.631e-09
24  4.685e-09
35  4.102e-09
36  4.237e-09
34  4.610e-09
32  4.350e-09
20  4.469e-09
31  4.653e-09
22  4.582e-09
30  4.728e-09
4  4.694e-09
2  3.737e-09
18  4.748e-09
7  4.600e-09
9  4.567e-09
15  4.565e-09
16  4.294e-09
12  4.369e-09
28  4.724e-09
8  4.589e-09
13  4.394e-09
5  4.711e-09
11  4.440e-09
14  4.362e-09
1  2.439e-04
65
13  6.839e-06
27  6.752e-06
6  1.225e-05
15  7.079e-06
29  1.083e-05
16  3.226e-06
19  3.017e-06
28  1.691e-05
17  1.502e-05
3  7.589e-06
10  1.238e-05
35  5.813e-06
8  1.470e-05
33  1.100e-05
11  5.475e-06
2  1.059e-05
22  5.548e-06
4  1.198e-05
9  1.021e-05
36  6.017e-07
34  9.344e-06
26  3.603e-06
30  1.106e-05
14  5.315e-06
31  5.059e-06
12  1.158e-05
20  2.919e-06
25  5.239e-06
5  1.569e-05
21  1.093e-05
7  1.310e-05
1  7.313e-04
66
3  3.446e-09
17  4.713e-09
31  4.623e-09
10  3.441e-09
36  4.254e-09
33  4.506e-09
34  4.138e-09
35  4.494e-09
30  4.597e-09
8  4.515e-09
7  4.361e-09
9  4.347e-09
12  4.607e-09
13  4.667e-09
28  4.560e-09
2  3.870e-09
19  4.490e-09
20  4.540e-09
21  4.771e-09
16  4.540e-09
26  4.578e-09
11  4.731e-09
29  4.456e-09
4  4.654e-09
15  4.579e-09
22  4.367e-09
25  4.502e-09
27  4.529e-09
5  4.595e-09
6  4.427e-09
14  4.315e-09
1  2.524e-04
67
11  5.972e-06
13  3.944e-06
14  1.786e-06
6  1.230e-05
15  5.759e-06
18  1.426e-05
28  1.502e-05
2  1.068e-05
17  9.140e-06
3  1.525e-05
4  1.639e-05
27  1.363e-05
9  8.319e-06
23  1.369e-05
5  1.461e-05
7  9.952e-06
36  1.374e-07
35  2.790e-06
19  4.636e-06
10  1.326e-05
20  4.703e-06
31  8.770e-06
30  1.409e-05
34  8.362e-06
22  4.726e-06
33  1.498e-05
8  1.248e-05
32  1.138e-05
12  1.146e-05
26  1.216e-05
25  1.231e-05
21  1.454e-05
24  1.239e-05
1  8.224e-04
68
22  4.080e-09
23  4.748e-09
27  4.685e-09
3  3.369e-09
25  4.613e-09
10  3.421e-09
24  4.357e-09
26  4.086e-09
17  4.675e-09
21  4.512e-09
32  4.357e-09
30  4.508e-09
4  4.498e-09
2  3.727e-09
36  4.473e-09
35  4.281e-09
5  4.558e-09
33  4.577e-09
9  4.347e-09
18  4.508e-09
7  4.565e-09
28  4.841e-09
34  4.431e-09
12  4.469e-09
19  4.484e-09
13  4.570e-09
6  4.728e-09
11  4.701e-09
14  4.490e-09
31  4.366e-09
8  4.671e-09
15  4.707e-09
20  4.109e-09
1  2.477e-04
69
14  7.261e-07
15  1.321e-05
6  1.434e-05
16  7.722e-06
2  4.990e-06
18  1.209e-05
28  4.182e-06
17  1.114e-05
23  1.154e-05
29  1.556e-05
27  1.054e-05
19  4.106e-06
5  1.194e-05
36  3.566e-07
24  5.150e-06
35  2.712e-06
4  1.428e-05
3  9.536e-06
34  9.869e-06
26  5.097e-06
10  8.747e-06
8  1.240e-05
21  1.235e-05
32  6.604e-06
20  6.141e-06
30  1.630e-05
31  1.048e-05
12  1.140e-05
11  1.238e-05
22  7.356e-06
25  1.035e-05
7  4.774e-06
1  7.215e-04
33  1.407e-05
70
3  3.464e-09
10  3.440e-09
28  4.597e-09
17  4.527e-09
33  4.661e-09
12  4.607e-09
32  4.542e-09
31  4.512e-09
34  4.635e-09
7  4.600e-09
30  4.661e-09
36  4.330e-09
8  4.519e-09
14  4.437e-09
21  4.725e-09
15  4.444e-09
35  4.494e-09
18  4.109e-09
20  4.208e-09
19  4.478e-09
11  4.079e-09
22  4.353e-09
24  4.387e-09
2  3.734e-09
23  4.790e-09
5  4.684e-09
16  4.278e-09
27  4.651e-09
26  4.337e-09
6  4.312e-09
29  4.661e-09
4  4.692e-09
25  3.997e-09
1  2.656e-04
71
13  3.989e-06
15  1.053e-05
6  1.051e-05
25  9.667e-06
16  3.226e-06
2  1.129e-05
18  1.177e-05
28  1.583e-05
17  1.676e-05
10  1.151e-05
3  8.483e-06
23  1.447e-05
9  5.597e-06
35  5.699e-06
5  1.026e-05
14  2.786e-06
29  1.836e-05
4  7.794e-06
11  1.051e-05
27  1.674e-05
32  1.098e-05
20  6.089e-06
19  4.392e-06
30  1.395e-05
31  1.230e-05
36  3.701e-07
8  1.442e-05
34  3.721e-06
21  1.650e-05
26  1.271e-05
33  1.397e-05
24  1.019e-05
7  1.320e-05
12  9.452e-06
22  1.464e-05
1  8.436e-04
72
23  4.642e-09
27  4.725e-09
3  3.541e-09
5  4.436e-09
10  3.527e-09
29  4.099e-09
25  4.468e-09
6  4.495e-09
24  4.571e-09
22  4.582e-09
34  4.473e-09
21  4.440e-09
31  4.266e-09
20  4.524e-09
30  4.550e-09
32  4.266e-09
4  4.614e-09
18  4.550e-09
36  4.237e-09
26  4.592e-09
2  3.735e-09
35  4.102e-09
9  4.561e-09
8  4.740e-09
14  4.322e-09
16  4.525e-09
28  4.714e-09
33  4.581e-09
17  4.684e-09
11  4.498e-09
15  4.586e-09
12  4.292e-09
7  4.336e-09
13  4.667e-09
19  4.147e-09
1  2.430e-04
73
35  3.501e-06
15  1.158e-05
6  1.608e-05
16  1.101e-05
2  4.213e-06
18  8.295e-06
28  9.175e-06
10  6.871e-06
4  1.059e-05
23  1.228e-05
3  7.371e-06
27  1.291e-05
30  1.093e-05
9  9.979e-06
21  1.381e-05
32  1.161e-05
20  5.656e-06
14  3.341e-06
19  4.102e-06
7  3.356e-06
11  8.794e-06
36  5.678e-07
26  6.951e-06
34  8.005e-06
12  1.739e-06
33  1.350e-05
31  5.612e-06
8  1.318e-05
5  1.522e-05
22  1.482e-05
24  1.238e-05
1  7.271e-04
25  1.430e-05
74
3  3.430e-09
10  3.499e-09
6  4.657e-09
35  4.286e-09
31  4.653e-09
33  4.362e-09
7  4.390e-09
32  4.482e-09
34  4.373e-09
30  4.482e-09
8  4.531e-09
36  4.328e-09
9  4.634e-09
28  4.727e-09
12  4.393e-09
14  4.432e-09
15  4.740e-09
11  4.532e-09
24  4.646e-09
20  4.109e-09
5  4.711e-09
27  4.401e-09
19  4.490e-09
26  4.383e-09
22  4.353e-09
21  4.558e-09
25  4.472e-09
2  3.726e-09
4  4.731e-09
16  4.223e-09
18  4.544e-09
23  4.553e-09
1  2.445e-04
75
36  4.730e-08
13  6.443e-06
14  1.076e-06
15  1.094e-05
6  8.476e-06
19  2.606e-06
16  3.028e-06
2  9.153e-06
18  1.323e-05
28  1.156e-05
17  1.410e-05
3  1.231e-05
23  1.527e-05
9  1.346e-05
35  5.848e-06
27  5.341e-06
20  3.096e-06
4  1.437e-05
25  9.139e-06
26  1.090e-05
30  7.203e-06
7  6.770e-06
8  1.669e-05
32  8.142e-06
11  1.323e-05
12  6.588e-06
5  1.590e-05
34  1.083e-05
31  1.008e-05
10  1.161e-05
29  1.539e-05
22  1.258e-05
24  5.345e-06
1  7.952e-04
21  1.708e-05
76
36  4.330e-09
27  4.440e-09
19  4.652e-09
3  3.434e-09
24  4.260e-09
10  3.434e-09
29  4.609e-09
32  4.650e-09
26  4.712e-09
20  4.039e-09
30  4.661e-09
31  4.363e-09
17  4.401e-09
34  4.532e-09
4  4.079e-09
2  3.767e-09
35  4.677e-09
28  4.597e-09
9  4.793e-09
6  4.731e-09
5  4.839e-09
13  4.394e-09
14  4.310e-09
16  4.392e-09
22  4.353e-09
21  4.725e-09
11  4.315e-09
15  4.457e-09
7  4.598e-09
25  3.997e-09
8  4.528e-09
12  4.372e-09
18  4.483e-09
23  4.748e-09
1  2.433e-04
77
13  2.941e-06
14  1.131e-06
15  9.451e-06
6  1.422e-05
16  7.727e-06
2  6.038e-06
18  1.154e-05
28  1.149e-05
17  1.750e-05
3  8.463e-06
29  1.370e-05
19  5.114e-06
9  7.512e-06
36  3.362e-07
27  6.945e-06
23  1.366e-05
31  4.727e-06
32  1.020e-05
11  9.829e-06
34  1.034e-05
26  8.053e-06
30  1.103e-05
21  5.641e-06
12  1.110e-05
8  1.387e-05
10  5.343e-06
20  6.218e-06
33  8.242e-06
7  1.016e-05
25  1.096e-05
5  9.864e-06
1  7.399e-04
24  5.708e-06
78
3  3.502e-09
9  4.501e-09
10  3.387e-09
31  4.007e-09
33  4.821e-09
6  4.315e-09
32  4.266e-09
17  4.711e-09
30  4.108e-09
34  4.563e-09
36  4.312e-09
8  4.533e-09
13  4.146e-09
7  4.641e-09
14  4.432e-09
21  4.622e-09
12  4.532e-09
15  4.438e-09
11  4.657e-09
25  4.613e-09
18  4.790e-09
20  4.454e-09
2  3.788e-09
29  4.760e-09
23  4.550e-09
26  4.588e-09
24  4.646e-09
5  4.725e-09
16  4.285e-09
28  4.530e-09
19  4.269e-09
27  4.156e-09
1  2.511e-04
79
13  6.009e-06
14  1.076e-06
15  9.047e-06
6  1.351e-05
16  4.789e-06
2  7.255e-06
18  1.675e-05
28  1.572e-05
17  1.501e-05
3  1.263e-05
19  2.954e-06
36  3.173e-07
9  6.953e-06
35  6.199e-06
8  1.369e-05
32  1.232e-05
31  8.255e-06
30  1.529e-05
27  1.455e-05
20  5.840e-06
22  1.022e-05
10  1.032e-05
24  4.988e-06
12  7.514e-06
23  1.688e-05
34  1.048e-05
5  1.206e-05
7  9.766e-06
26  8.625e-06
11  1.630e-05
21  1.481e-05
25  8.630e-06
1  7.703e-04
33  1.068e-05
80
3  3.474e-09
6  4.532e-09
25  4.542e-09
10  3.452e-09
32  4.665e-09
22  4.298e-09
30  4.728e-09
36  4.242e-09
7  4.598e-09
13  4.570e-09
28  4.714e-09
19  4.490e-09
14  4.310e-09
34  4.299e-09
27  4.684e-09
33  4.760e-09
26  4.042e-09
24  4.387e-09
21  4.527e-09
31  4.366e-09
9  4.353e-09
15  4.457e-09
35  4.281e-09
12  4.300e-09
18  4.457e-09
8  4.084e-09
16  4.540e-09
11  4.499e-09
2  3.793e-09
5  4.512e-09
20  4.278e-09
23  4.642e-09
17  4.592e-09
1  2.382e-04
81
13  5.440e-06
6  1.328e-05
16  3.028e-06
19  3.692e-06
18  1.091e-05
2  8.195e-06
28  9.450e-06
17  1.048e-05
10  1.086e-05
3  1.086e-05
36  3.317e-07
20  2.735e-06
29  1.567e-05
35  9.664e-06
22  1.368e-05
21  5.883e-06
32  1.099e-05
14  2.354e-06
30  1.268e-05
25  1.004e-05
12  3.697e-06
26  8.761e-06
11  7.515e-06
33  1.165e-05
5  9.187e-06
8  1.415e-05
31  9.677e-06
7  1.094e-05
1  6.805e-04
24  1.195e-05
82
3  3.447e-09
12  4.037e-09
10  3.430e-09
17  4.558e-09
31  4.653e-09
30  4.423e-09
35  4.381e-09
33  4.581e-09
36  4.330e-09
14  4.147e-09
5  4.401e-09
8  4.533e-09
7  4.588e-09
13  4.146e-09
28  4.676e-09
21  4.592e-09
19  4.530e-09
24  4.643e-09
20  4.109e-09
22  4.796e-09
16  4.709e-09
2  3.725e-09
26  4.608e-09
18  4.662e-09
25  4.125e-09
11  4.353e-09
29  4.099e-09
32  4.531e-09
6  4.315e-09
1  2.493e-04
83
13  1.487e-06
15  1.194e-05
6  1.451e-05
2  7.037e-06
28  8.257e-06
18  1.671e-05
17  1.306e-05
3  9.233e-06
5  5.618e-06
29  1.038e-05
35  9.568e-06
10  7.852e-06
36  1.730e-07
8  4.769e-06
11  8.359e-06
27  1.411e-05
23  1.722e-05
9  1.141e-05
30  1.302e-05
25  1.063e-05
34  9.303e-06
21  1.055e-05
33  9.091e-06
31  1.008e-05
26  1.172e-05
14  6.717e-06
22  9.384e-06
4  1.046e-05
12  4.998e-06
7  8.673e-06
1  7.553e-04
24  8.110e-06
84
5  4.440e-09
3  3.456e-09
6  4.731e-09
10  3.424e-09
17  4.156e-09
9  4.565e-09
33  4.506e-09
31  4.363e-09
12  4.295e-09
26  4.712e-09
34  4.556e-09
4  4.498e-09
36  4.242e-09
2  3.698e-09
13  4.028e-09
8  4.432e-09
28  4.592e-09
11  4.370e-09
30  4.789e-09
15  4.685e-09
14  4.652e-09
21  4.558e-09
22  4.500e-09
35  4.316e-09
24  4.476e-09
29  4.434e-09
18  4.748e-09
25  4.478e-09
23  4.662e-09
27  4.156e-09
7  4.600e-09
1  2.470e-04
85
13  9.613e-06
15  1.174e-05
6  8.307e-06
25  5.636e-06
16  5.775e-06
2  7.431e-06
18  1.362e-05
17  8.777e-06
28  5.697e-06
10  1.218e-05
3  1.286e-05
5  5.640e-06
9  1.141e-05
27  8.197e-06
4  1.429e-05
14  5.552e-06
23  1.246e-05
35  3.258e-06
32  8.662e-06
20  6.266e-06
30  1.164e-05
19  2.034e-06
26  1.141e-05
34  1.037e-05
31  1.061e-05
33  1.585e-05
12  6.046e-06
22  1.170e-05
21  1.372e-05
11  1.148e-05
8  1.541e-05
7  4.483e-06
29  1.355e-05
1  7.973e-04
24  4.386e-06
86
27  4.512e-09
23  4.728e-09
5  4.401e-09
3  3.447e-09
24  4.357e-09
29  4.661e-09
32  4.478e-09
12  4.431e-09
10  3.432e-09
31  4.653e-09
17  4.594e-09
22  4.353e-09
34  4.434e-09
26  4.608e-09
35  4.411e-09
2  3.855e-09
4  4.692e-09
9  4.084e-09
25  4.578e-09
7  4.348e-09
28  4.528e-09
11  4.526e-09
8  4.531e-09
13  4.785e-09
20  4.285e-09
33  4.760e-09
19  4.362e-09
14  4.200e-09
30  4.306e-09
6  4.657e-09
15  4.457e-09
16  4.293e-09
18  4.550e-09
21  4.440e-09
1  2.500e-04
87
9  6.198e-06
13  3.938e-06
15  1.202e-05
6  1.427e-05
16  6.140e-06
2  1.186e-05
18  1.133e-05
17  1.131e-05
29  1.619e-05
3  1.057e-05
23  1.333e-05
4  1.093e-05
10  1.125e-05
27  1.604e-05
11  8.684e-06
19  2.299e-06
5  1.335e-05
36  2.887e-07
35  2.790e-06
12  8.076e-06
14  3.341e-06
30  1.042e-05
26  8.139e-06
22  8.034e-06
32  9.013e-06
20  2.919e-06
25  1.374e-05
34  1.054e-05
8  7.924e-06
31  1.178e-05
24  4.228e-06
33  1.674e-05
7  8.833e-06
1  8.301e-04
88
23  4.424e-09
3  3.504e-09
5  4.595e-09
29  4.821e-09
24  4.475e-09
22  4.354e-09
6  4.371e-09
10  3.516e-09
26  4.042e-09
17  4.725e-09
31  4.578e-09
20  4.355e-09
32  4.006e-09
30  4.483e-09
33  4.434e-09
34  4.435e-09
36  4.328e-09
4  4.526e-09
7  4.336e-09
2  3.730e-09
8  4.445e-09
35  4.198e-09
25  4.363e-09
9  4.350e-09
13  4.491e-09
14  4.310e-09
27  4.675e-09
19  4.530e-09
12  4.396e-09
18  4.306e-09
15  4.685e-09
11  4.666e-09
16  4.709e-09
1  2.642e-04
89
13  9.588e-06
15  7.698e-06
6  1.483e-05
16  1.074e-05
19  1.153e-06
18  1.171e-05
2  9.819e-06
28  1.257e-05
17  1.080e-05
3  1.137e-05
23  9.181e-06
11  9.198e-06
22  9.298e-06
31  1.053e-05
20  9.062e-06
30  1.377e-05
14  3.481e-06
7  7.222e-06
29  1.194e-05
27  1.627e-05
32  1.114e-05
33  1.027e-05
8  8.081e-06
36  2.472e-07
26  1.385e-05
34  4.816e-06
35  9.655e-06
12  7.789e-06
10  1.041e-05
24  1.210e-05
9  1.098e-05
5  1.580e-05
21  1.152e-05
4  6.902e-06
1  8.430e-04
25  1.375e-05
90
19  4.652e-09
23  4.509e-09
27  4.512e-09
3  3.513e-09
6  4.702e-09
29  4.456e-09
10  3.398e-09
24  4.646e-09
33  4.609e-09
32  4.653e-09
20  4.208e-09
31  4.542e-09
22  4.568e-09
30  4.508e-09
36  4.244e-09
9  4.505e-09
4  4.315e-09
18  4.550e-09
2  3.750e-09
7  4.096e-09
35  4.499e-09
34  4.556e-09
25  4.578e-09
5  4.712e-09
28  4.440e-09
12  4.431e-09
11  4.657e-09
13  4.322e-09
15  4.571e-09
14  4.269e-09
8  4.531e-09
26  4.859e-09
21  4.839e-09
17  4.527e-09
16  4.039e-09
1  2.550e-04
91
13  7.982e-06
15  1.208e-05
6  3.640e-06
16  1.097e-05
18  1.377e-05
2  4.733e-06
28  1.709e-05
17  1.107e-05
3  1.087e-05
5  1.045e-05
23  1.399e-05
36  1.362e-07
19  4.392e-06
27  1.210e-05
11  9.801e-06
21  9.966e-06
33  1.372e-05
14  5.590e-06
35  9.453e-06
32  1.036e-05
29  1.207e-05
25  1.023e-05
7  3.451e-06
31  5.844e-06
34  9.770e-06
30  8.909e-06
10  7.831e-06
26  8.139e-06
9  9.434e-06
4  8.498e-06
8  1.518e-05
22  1.050e-05
1  7.516e-04
20  8.061e-06
92
27  4.725e-09
23  4.598e-09
5  4.622e-09
3  3.424e-09
21  4.684e-09
9  4.571e-09
29  4.362e-09
22  4.500e-09
10  3.478e-09
26  4.294e-09
31  4.665e-09
17  4.675e-09
33  4.760e-09
30  4.423e-09
2  3.765e-09
34  4.375e-09
4  4.614e-09
36  4.312e-09
35  4.198e-09
32  4.006e-09
28  4.725e-09
11  4.315e-09
6  4.440e-09
8  4.084e-09
14  4.652e-09
13  4.608e-09
7  4.042e-09
20  4.709e-09
19  4.322e-09
25  4.650e-09
16  4.709e-09
15  4.704e-09
18  4.662e-09
1  2.374e-04
93
13  5.278e-06
35  3.501e-06
15  1.226e-05
6  1.319e-05
16  2.669e-06
18  1.086e-05
29  8.193e-06
28  1.691e-05
17  9.209e-06
3  1.323e-05
5  5.668e-06
4  7.948e-06
36  3.211e-07
2  1.081e-05
14  3.203e-06
27  1.230e-05
9  1.183e-05
10  1.053e-05
34  7.738e-06
12  4.743e-06
11  9.959e-06
32  8.170e-06
8  9.327e-06
31  8.953e-06
33  1.032e-05
26  8.761e-06
21  1.003e-05
7  7.489e-06
19  4.106e-06
22  9.290e-06
20  4.874e-06
25  1.039e-05
1  7.367e-04
24  5.349e-06
94
5  4.725e-09
3  3.408e-09
10  3.467e-09
33  4.612e-09
31  4.393e-09
32  4.366e-09
35  4.381e-09
17  4.622e-09
34  4.376e-09
9  4.645e-09
8  4.431e-09
7  4.390e-09
36  4.318e-09
28  4.440e-09
12  4.610e-09
21  4.436e-09
2  3.735e-09
13  4.570e-09
18  4.457e-09
24  4.259e-09
22  4.354e-09
20  4.454e-09
16  4.540e-09
29  4.434e-09
27  4.512e-09
11  4.657e-09
25  4.578e-09
26  4.859e-09
4  4.526e-09
19  4.315e-09
14  4.362e-09
6  4.692e-09
15  4.571e-09
1  2.509e-04
95
13  2.941e-06
6  5.780e-06
16  5.093e-06
18  1.091e-05
28  1.830e-05
17  1.174e-05
10  7.952e-06
4  1.178e-05
27  8.855e-06
2  9.440e-06
29  1.717e-05
5  1.073e-05
14  2.321e-06
3  1.498e-05
35  6.159e-06
19  6.439e-06
25  1.385e-05
12  4.639e-06
22  5.060e-06
26  8.625e-06
36  4.547e-07
31  5.238e-06
32  9.457e-06
30  9.733e-06
9  1.322e-05
11  1.219e-05
34  1.100e-05
20  1.977e-06
23  1.203e-05
8  1.325e-05
33  9.386e-06
21  1.423e-05
7  8.786e-06
1  7.955e-04
24  1.149e-05
96
27  4.401e-09
23  4.662e-09
3  3.476e-09
5  4.527e-09
22  4.641e-09
6  4.341e-09
12  4.532e-09
24  4.475e-09
26  4.314e-09
31  4.007e-09
10  3.398e-09
34  4.535e-09
32  4.623e-09
17  4.156e-09
33  4.581e-09
18  4.662e-09
4  4.430e-09
36  4.397e-09
8  4.560e-09
7  4.313e-09
9  4.586e-09
25  4.363e-09
35  4.499e-09
2  3.804e-09
28  4.712e-09
16  4.285e-09
30  4.553e-09
11  4.692e-09
14  4.530e-09
29  4.760e-09
13  4.322e-09
20  4.638e-09
21  4.771e-09
19  4.484e-09
1  2.413e-04
97
9  6.624e-06
13  7.126e-06
14  1.131e-06
15  8.913e-06
16  5.937e-06
18  1.207e-05
2  7.879e-06
17  6.669e-06
28  1.733e-05
5  5.748e-06
23  8.648e-06
3  1.040e-05
29  1.119e-05
36  5.172e-07
32  1.168e-05
26  9.269e-06
27  1.438e-05
11  9.162e-06
24  4.386e-06
10  1.033e-05
4  1.239e-05
34  5.130e-06
12  9.683e-06
21  9.629e-06
30  7.758e-06
8  1.291e-05
25  1.075e-05
31  5.611e-06
20  2.919e-06
22  1.174e-05
19  3.084e-06
35  6.043e-06
1  7.363e-04
33  1.657e-05
98
5  4.592e-09
3  3.382e-09
10  3.459e-09
31  4.393e-09
17  4.440e-09
34  4.556e-09
2  3.753e-09
32  4.665e-09
30  4.789e-09
4  4.657e-09
36  4.242e-09
9  4.565e-09
8  4.185e-09
28  4.157e-09
21  4.684e-09
14  4.652e-09
15  4.384e-09
20  4.709e-09
23  4.307e-09
24  4.357e-09
18  4.728e-09
13  4.667e-09
22  4.301e-09
16  4.524e-09
29  4.661e-09
12  4.473e-09
11  4.370e-09
35  4.381e-09
33  4.434e-09
26  4.294e-09
27  4.684e-09
19  4.269e-09
25  4.266e-09
1  2.452e-04
99
13  8.065e-06
27  8.913e-06
14  1.076e-06
15  1.196e-05
6  1.481e-05
16  7.997e-06
18  9.214e-06
17  6.698e-06
28  1.776e-05
3  1.154e-05
5  1.012e-05
29  1.580e-05
4  1.335e-05
23  1.107e-05
2  1.237e-05
19  5.986e-06
25  5.445e-06
10  8.599e-06
9  9.493e-06
20  1.782e-06
36  4.949e-07
26  6.424e-06
21  8.860e-06
34  9.541e-06
32  9.560e-06
30  1.417e-05
31  1.056e-05
12  9.582e-06
7  8.231e-06
24  1.391e-05
33  1.710e-05
22  7.466e-06
1  8.049e-04
100
23  4.509e-09
3  3.364e-09
22  4.500e-09
9  4.645e-09
26  4.600e-09
29  4.558e-09
34  4.299e-09
31  4.623e-09
10  3.392e-09
12  4.532e-09
4  4.532e-09
36  4.399e-09
28  4.712e-09
32  4.650e-09
20  4.524e-09
14  4.530e-09
30  4.508e-09
13  4.028e-09
25  4.006e-09
7  4.336e-09
19  4.478e-09
18  4.550e-09
21  4.711e-09
17  4.156e-09
33  4.760e-09
27  4.711e-09
15  4.685e-09
16  4.469e-09
6  4.731e-09
5  4.558e-09
24  4.571e-09
2  3.667e-09
1  2.333e-04
101
11  6.070e-06
13  1.378e-06
6  5.533e-06
16  4.817e-06
18  7.586e-06
28  1.810e-05
17  1.331e-05
3  5.830e-06
4  1.319e-05
27  9.181e-06
23  1.482e-05
2  5.977e-06
25  9.849e-06
10  1.061e-05
35  6.122e-06
5  1.194e-05
26  1.024e-05
36  1.704e-07
9  7.251e-06
33  8.092e-06
32  9.938e-06
29  1.479e-05
22  9.706e-06
34  9.399e-06
31  8.908e-06
8  1.165e-05
21  1.666e-05
12  8.085e-06
30  1.358e-05
19  1.807e-06
1  7.627e-04
24  1.632e-05
102
4  4.315e-09
3  3.463e-09
9  4.797e-09
26  4.096e-09
32  4.578e-09
31  4.542e-09
30  4.550e-09
6  4.440e-09
34  4.556e-09
10  3.370e-09
33  4.516e-09
17  4.771e-09
36  4.387e-09
25  4.512e-09
35  4.411e-09
19  4.652e-09
8  4.743e-09
13  4.146e-09
11  4.341e-09
28  4.440e-09
16  4.039e-09
29  4.581e-09
12  4.295e-09
21  4.512e-09
18  4.458e-09
22  4.799e-09
5  4.684e-09
24  4.616e-09
23  4.748e-09
2  3.796e-09
27  4.675e-09
1  2.542e-04
103
36  4.620e-08
13  9.905e-06
15  1.320e-05
16  7.977e-06
18  1.140e-05
6  1.420e-05
2  9.535e-06
35  6.636e-06
28  1.413e-05
17  1.417e-05
3  1.589e-05
4  8.669e-06
23  1.208e-05
5  1.311e-05
10  1.041e-05
29  9.076e-06
11  5.268e-06
9  1.305e-05
27  9.308e-06
31  5.844e-06
26  3.603e-06
19  4.170e-06
20  4.708e-06
34  9.541e-06
21  1.213e-05
30  1.135e-05
25  7.838e-06
32  8.059e-06
22  7.518e-06
7  7.114e-06
33  1.035e-05
12  1.046e-05
8  9.812e-06
1  8.283e-04
24  1.573e-05
104
36  4.237e-09
22  4.574e-09
23  4.598e-09
4  4.370e-09
3  3.430e-09
25  4.665e-09
24  4.571e-09
29  4.506e-09
26  4.042e-09
21  4.725e-09
10  3.419e-09
20  4.539e-09
32  4.366e-09
6  4.371e-09
18  4.508e-09
34  4.299e-09
31  4.665e-09
35  4.773e-09
30  4.306e-09
17  4.725e-09
2  3.751e-09
8  4.518e-09
7  4.096e-09
9  4.298e-09
19  4.315e-09
13  4.667e-09
11  4.315e-09
33  4.099e-09
16  4.539e-09
12  4.563e-09
28  4.558e-09
27  4.622e-09
15  4.314e-09
5  4.440e-09
1  2.634e-04
105
36  8.061e-09
11  8.872e-06
13  4.446e-06
15  3.274e-06
16  4.817e-06
6  7.648e-06
18  1.043e-05
35  2.914e-06
28  1.469e-05
17  1.405e-05
3  1.044e-05
23  1.106e-05
4  6.039e-06
2  5.035e-06
29  9.478e-06
27  1.507e-05
10  4.524e-06
25  1.312e-05
32  5.983e-06
19  6.439e-06
30  1.057e-05
9  1.238e-05
33  1.300e-05
26  1.152e-05
34  7.875e-06
31  8.453e-06
22  1.024e-05
20  4.874e-06
8  1.114e-05
24  1.279e-05
12  8.926e-06
21  1.272e-05
5  1.283e-05
7  1.045e-05
1  8.017e-04
14  6.329e-06
106
36  4.313e-09
23  4.729e-09
35  4.594e-09
3  3.420e-09
6  4.499e-09
18  4.306e-09
10  3.475e-09
24  4.475e-09
26  4.600e-09
21  4.401e-09
31  4.653e-09
20  4.285e-09
33  4.496e-09
22  4.354e-09
4  4.341e-09
5  4.528e-09
9  4.505e-09
30  4.483e-09
25  4.478e-09
2  3.794e-09
32  4.266e-09
19  4.484e-09
13  4.536e-09
34  4.535e-09
11  4.353e-09
12  4.376e-09
8  4.509e-09
16  4.109e-09
28  4.595e-09
17  4.771e-09
7  4.600e-09
14  4.269e-09
15  4.118e-09
27  4.527e-09
29  4.821e-09
1  2.485e-04
107
19  7.261e-07
13  5.719e-06
15  8.846e-06
16  5.067e-06
18  1.822e-05
17  9.120e-06
28  1.256e-05
3  1.033e-05
4  3.687e-06
27  1.281e-05
2  6.358e-06
9  1.176e-05
23  1.192e-05
36  2.833e-07
29  1.012e-05
21  5.362e-06
14  3.691e-06
10  8.307e-06
7  1.242e-05
34  1.116e-05
32  5.654e-06
30  1.553e-05
31  1.241e-05
26  1.084e-05
8  1.010e-05
22  6.326e-06
5  1.284e-05
12  8.991e-06
33  1.359e-05
25  1.460e-05
24  5.218e-06
1  7.949e-04
35  9.995e-06
108
4  4.079e-09
23  4.544e-09
3  3.386e-09
22  4.087e-09
29  4.612e-09
26  4.042e-09
17  4.675e-09
32  4.653e-09
10  3.419e-09
30  4.553e-09
35  4.494e-09
8  4.566e-09
7  4.390e-09
5  4.440e-09
36  4.318e-09
9  4.586e-09
25  4.542e-09
19  4.432e-09
14  4.310e-09
15  4.580e-09
31  4.542e-09
13  4.608e-09
33  4.516e-09
21  4.440e-09
2  3.687e-09
18  4.748e-09
34  4.375e-09
27  4.436e-09
28  4.440e-09
16  4.539e-09
24  4.505e-09
12  4.563e-09
1  2.443e-04
109
36  4.347e-08
13  5.887e-06
14  1.131e-06
15  5.759e-06
16  3.026e-06
6  1.043e-05
2  6.913e-06
35  2.914e-06
18  1.776e-05
17  1.123e-05
3  9.530e-06
5  1.289e-05
19  4.657e-06
23  1.629e-05
29  1.859e-05
32  5.023e-06
22  5.344e-06
31  1.010e-05
10  1.219e-05
27  1.030e-05
8  1.499e-05
21  1.275e-05
25  8.248e-06
30  9.597e-06
20  5.826e-06
26  9.393e-06
34  1.099e-05
11  1.158e-05
7  3.451e-06
9  1.315e-05
24  1.058e-05
4  1.438e-05
33  1.072e-05
1  7.840e-04
12  8.944e-06
110
36  4.244e-09
23  4.790e-09
35  4.316e-09
3  3.437e-09
25  4.482e-09
17  4.527e-09
10  3.458e-09
32  4.393e-09
6  4.315e-09
33  4.559e-09
31  4.125e-09
34  4.535e-09
7  4.336e-09
2  3.763e-09
4  4.731e-09
8  4.425e-09
9  4.645e-09
16  4.709e-09
14  4.432e-09
19  4.437e-09
30  4.423e-09
22  4.301e-09
13  4.536e-09
5  4.595e-09
27  4.684e-09
21  4.595e-09
29  4.496e-09
24  4.471e-09
15  4.704e-09
12  4.376e-09
18  4.306e-09
26  4.588e-09
20  4.109e-09
11  4.692e-09
1  2.659e-04
111
13  7.203e-06
15  5.953e-06
16  8.076e-06
18  1.171e-05
28  1.162e-05
17  9.399e-06
3  5.835e-06
29  1.351e-05
4  1.548e-05
23  8.931e-06
35  3.258e-06
6  1.138e-05
2  6.156e-06
5  1.036e-05
36  2.887e-07
27  1.501e-05
19  2.034e-06
9  1.375e-05
34  1.037e-05
14  6.397e-06
12  6.266e-06
21  1.248e-05
32  9.619e-06
11  1.112e-05
25  1.013e-05
22  1.249e-05
33  1.475e-05
8  7.253e-06
10  5.615e-06
30  1.321e-05
26  8.536e-06
20  5.021e-06
24  8.205e-06
31  1.070e-05
7  1.208e-05
1  8.315e-04
112
19  4.269e-09
23  4.598e-09
15  4.580e-09
3  3.377e-09
24  4.646e-09
25  4.366e-09
12  4.299e-09
10  3.490e-09
6  4.702e-09
17  4.156e-09
32  4.125e-09
29  4.515e-09
31  4.478e-09
35  4.411e-09
18  4.550e-09
36  4.330e-09
28  4.839e-09
7  4.347e-09
5  4.622e-09
8  4.743e-09
9  4.638e-09
33  4.424e-09
13  4.491e-09
22  4.508e-09
11  4.526e-09
30  4.789e-09
2  3.810e-09
16  4.208e-09
34  4.433e-09
20  4.462e-09
26  4.565e-09
27  4.512e-09
14  4.367e-09
4  4.526e-09
21  4.436e-09
1  2.578e-04
113
13  4.554e-06
14  7.259e-07
15  5.425e-06
16  1.954e-06
18  1.098e-05
17  1.347e-05
3  2.950e-06
28  4.331e-06
4  1.165e-05
29  1.512e-05
5  1.664e-05
10  1.208e-05
6  1.110e-05
36  1.336e-07
27  8.092e-06
25  9.584e-06
19  5.986e-06
22  8.507e-06
2  1.089e-05
35  1.287e-05
20  7.596e-06
9  1.363e-05
34  8.418e-06
32  1.028e-05
11  1.146e-05
24  5.316e-06
23  1.580e-05
8  1.380e-05
12  9.201e-06
30  1.698e-05
31  1.301e-05
21  1.316e-05
26  8.958e-06
33  6.870e-06
1  8.637e-04
7  5.479e-06
114
28  4.595e-09
14  4.315e-09
16  4.392e-09
15  4.314e-09
27  4.622e-09
23  4.307e-09
19  4.478e-09
13  4.360e-09
22  4.359e-09
5  4.558e-09
3  3.415e-09
18  4.483e-09
26  4.608e-09
24  4.616e-09
17  4.557e-09
6  4.353e-09
10  3.473e-09
11  4.370e-09
32  4.541e-09
34  4.638e-09
29  4.433e-09
31  4.665e-09
33  4.496e-09
30  4.457e-09
21  4.527e-09
7  4.599e-09
35  4.464e-09
4  4.430e-09
2  3.714e-09
36  4.473e-09
12  4.614e-09
8  4.445e-09
20  4.038e-09
9  4.646e-09
25  4.653e-09
1  2.467e-04
115
36  7.131e-09
14  6.592e-07
15  1.143e-05
16  4.745e-06
6  8.426e-06
35  6.323e-06
28  1.280e-05
18  1.106e-05
3  1.335e-05
17  1.384e-05
5  9.614e-06
29  1.438e-05
27  1.482e-05
11  5.630e-06
2  1.074e-05
32  1.187e-05
31  1.238e-05
21  1.584e-05
34  3.411e-06
26  1.172e-05
30  1.086e-05
33  1.269e-05
9  9.557e-06
10  1.130e-05
8  8.582e-06
7  4.983e-06
22  9.176e-06
12  9.922e-06
24  4.823e-06
25  1.223e-05
19  4.159e-06
1  7.793e-04
4  5.985e-06
116
36  4.397e-09
4  4.079e-09
3  3.419e-09
34  4.375e-09
32  4.512e-09
10  3.477e-09
26  4.712e-09
6  4.371e-09
35  4.102e-09
33  4.099e-09
14  4.367e-09
28  4.592e-09
19  4.490e-09
11  4.079e-09
15  4.571e-09
25  4.542e-09
2  3.841e-09
16  4.278e-09
17  4.440e-09
9  4.565e-09
24  4.259e-09
31  4.364e-09
12  4.141e-09
30  4.662e-09
18  4.458e-09
8  4.185e-09
7  4.564e-09
5  4.712e-09
21  4.711e-09
29  4.558e-09
27  4.527e-09
22  4.354e-09
1  2.334e-04
117
36  4.355e-08
13  2.712e-06
15  1.218e-05
16  3.117e-06
2  7.576e-06
28  8.222e-06
18  1.174e-05
10  9.429e-06
17  1.820e-05
3  1.221e-05
4  5.482e-06
19  3.120e-06
35  6.393e-06
23  1.206e-05
9  1.075e-05
27  8.204e-06
6  1.227e-05
30  7.996e-06
20  5.963e-06
5  1.491e-05
31  1.232e-05
14  4.672e-06
32  9.844e-06
22  1.227e-05
8  9.491e-06
11  1.173e-05
21  1.461e-05
26  7.458e-06
12  7.992e-06
24  5.727e-06
7  8.231e-06
25  6.542e-06
1  7.589e-04
118
36  4.323e-09
13  4.536e-09
3  3.394e-09
9  4.356e-09
26  4.641e-09
31  4.650e-09
17  4.711e-09
32  4.006e-09
10  3.470e-09
35  4.376e-09
12  4.434e-09
28  4.676e-09
7  4.587e-09
14  4.362e-09
8  4.527e-09
30  4.306e-09
4  4.315e-09
19  4.200e-09
15  4.508e-09
2  3.783e-09
25  4.366e-09
6  4.666e-09
24  4.646e-09
20  4.278e-09
21  4.592e-09
11  4.666e-09
5  4.436e-09
18  4.553e-09
27  4.512e-09
16  4.524e-09
23  4.790e-09
22  4.588e-09
1  2.661e-04
119
13  7.203e-06
19  2.606e-06
16  6.047e-06
18  1.284e-05
28  1.556e-05
35  6.411e-06
2  7.296e-06
17  1.486e-05
3  1.491e-05
23  8.931e-06
4  1.077e-05
11  5.748e-06
5  1.049e-05
10  1.212e-05
6  1.180e-05
15  9.620e-06
29  1.487e-05
14  4.089e-06
36  2.080e-07
27  9.513e-06
32  1.204e-05
31  1.023e-05
25  1.141e-05
34  3.548e-06
22  1.484e-05
30  1.097e-05
21  1.309e-05
8  1.679e-05
26  1.222e-05
33  1.522e-05
7  3.356e-06
12  9.197e-06
24  1.205e-05
20  8.162e-06
1  8.252e-04
9  9.212e-06
120
16  4.285e-09
15  4.649e-09
23  4.598e-09
19  4.362e-09
4  4.499e-09
5  4.513e-09
13  4.491e-09
11  4.430e-09
9  4.351e-09
3  3.479e-09
25  4.363e-09
24  4.571e-09
6  4.080e-09
22  4.359e-09
26  4.042e-09
17  4.435e-09
20  4.638e-09
35  4.381e-09
32  4.578e-09
33  4.822e-09
31  4.266e-09
30  4.457e-09
29  4.581e-09
28  4.684e-09
36  4.313e-09
21  4.595e-09
34  4.638e-09
27  4.839e-09
8  4.531e-09
7  4.641e-09
2  3.789e-09
10  3.370e-09
18  4.662e-09
12  4.375e-09
14  4.600e-09
1  2.578e-04
121
13  7.244e-06
14  1.076e-06
16  6.009e-06
18  8.395e-06
28  1.711e-05
3  1.118e-05
19  1.153e-06
2  9.223e-06
15  1.201e-05
10  6.752e-06
9  9.108e-06
35  1.270e-05
12  1.739e-06
4  1.426e-05
6  1.462e-05
5  8.099e-06
23  1.157e-05
11  9.724e-06
21  1.108e-05
31  7.861e-06
30  1.169e-05
26  1.039e-05
20  4.697e-06
22  1.148e-05
36  5.705e-07
29  1.321e-05
34  6.888e-06
25  1.247e-05
7  3.763e-06
27  9.354e-06
8  1.334e-05
24  1.067e-05
1  7.891e-04
33  1.174e-05
122
19  4.484e-09
14  4.478e-09
23  4.109e-09
22  4.641e-09
3  3.500e-09
26  4.598e-09
20  4.524e-09
34  4.399e-09
11  4.341e-09
29  4.361e-09
30  4.553e-09
27  4.771e-09
4  4.692e-09
18  4.306e-09
36  4.328e-09
5  4.595e-09
9  4.505e-09
28  4.592e-09
25  4.650e-09
8  4.739e-09
33  4.434e-09
13  4.146e-09
6  4.731e-09
16  4.208e-09
10  3.457e-09
7  4.347e-09
31  4.478e-09
12  4.476e-09
2  3.821e-09
24  4.119e-09
35  4.494e-09
15  4.261e-09
21  4.725e-09
1  2.436e-04
123
13  7.326e-06
29  6.610e-06
6  5.402e-06
18  8.620e-06
35  6.411e-06
28  1.364e-05
2  9.938e-06
3  1.087e-05
19  1.090e-06
23  8.126e-06
5  1.045e-05
15  5.340e-06
14  3.009e-06
27  8.893e-06
4  7.633e-06
36  2.081e-07
11  5.254e-06
32  5.983e-06
30  9.638e-06
25  1.026e-05
10  1.184e-05
21  1.643e-05
34  5.368e-06
26  6.936e-06
31  9.084e-06
24  4.385e-06
20  7.552e-06
8  1.422e-05
22  1.331e-05
7  4.137e-06
12  1.019e-05
33  1.458e-05
1  7.665e-04
9  1.106e-05
124
19  4.362e-09
23  4.458e-09
35  4.499e-09
3  3.436e-09
10  3.449e-09
29  4.098e-09
34  4.303e-09
32  4.477e-09
33  4.559e-09
36  4.318e-09
4  4.614e-09
14  4.367e-09
8  4.518e-09
7  4.641e-09
9  4.084e-09
6  4.440e-09
11  4.315e-09
12  4.556e-09
31  4.393e-09
28  4.436e-09
27  4.675e-09
15  4.526e-09
30  4.108e-09
18  4.553e-09
20  4.293e-09
21  4.440e-09
13  4.491e-09
2  3.797e-09
24  4.000e-09
5  4.684e-09
25  4.653e-09
22  4.799e-09
26  4.390e-09
1  2.556e-04
125
13  9.820e-06
14  7.259e-07
35  3.414e-06
15  1.249e-05
16  6.027e-06
2  5.118e-06
18  1.351e-05
28  9.168e-06
3  7.328e-06
17  1.414e-05
29  1.038e-05
4  9.432e-06
5  1.520e-05
23  1.445e-05
10  1.035e-05
36  3.306e-07
27  8.369e-06
6  7.465e-06
19  3.447e-06
20  1.665e-06
11  1.197e-05
34  7.216e-06
30  9.828e-06
24  5.110e-06
12  8.796e-06
31  1.201e-05
33  1.485e-05
8  8.862e-06
21  1.363e-05
32  1.052e-05
22  1.377e-05
25  1.195e-05
7  8.786e-06
1  7.593e-04
126
35  4.316e-09
6  4.353e-09
3  3.522e-09
34  4.435e-09
31  4.367e-09
32  4.125e-09
10  3.506e-09
29  4.433e-09
33  4.496e-09
36  4.254e-09
4  4.079e-09
14  4.315e-09
8  4.527e-09
7  4.564e-09
25  4.125e-09
5  4.676e-09
17  4.771e-09
28  4.558e-09
22  4.353e-09
30  4.553e-09
13  4.322e-09
2  3.782e-09
21  4.676e-09
15  4.580e-09
20  4.109e-09
16  4.524e-09
12  4.141e-09
18  4.598e-09
27  4.592e-09
19  4.652e-09
11  4.430e-09
23  4.598e-09
24  4.357e-09
1  2.597e-04
127
36  8.077e-09
13  7.074e-06
15  6.895e-06
16  7.997e-06
2  5.874e-06
18  1.316e-05
35  6.636e-06
28  1.005e-05
17  1.783e-05
3  1.039e-05
23  1.636e-05
5  1.418e-05
27  1.395e-05
10  3.197e-06
14  6.453e-06
4  1.044e-05
6  1.009e-05
32  5.732e-06
31  1.025e-05
25  7.804e-06
34  4.697e-06
21  8.435e-06
20  6.218e-06
33  1.870e-05
11  1.372e-05
29  1.213e-05
7  4.879e-06
22  1.042e-05
30  8.468e-06
26  5.121e-06
8  1.175e-05
9  1.444e-05
1  7.739e-04
24  9.410e-06
128
36  4.330e-09
35  4.677e-09
25  4.650e-09
10  3.531e-09
30  4.306e-09
32  4.512e-09
17  4.557e-09
34  4.614e-09
33  4.581e-09
29  4.821e-09
27  4.436e-09
2  3.738e-09
7  4.347e-09
4  4.499e-09
21  4.592e-09
28  4.512e-09
9  4.797e-09
22  4.573e-09
16  4.469e-09
5  4.440e-09
11  4.702e-09
14  4.484e-09
6  4.731e-09
24  4.505e-09
13  4.276e-09
8  4.431e-09
23  4.643e-09
3  3.408e-09
18  4.381e-09
26  4.608e-09
20  4.524e-09
31  4.650e-09
15  4.457e-09
1  2.433e-04
129
13  4.085e-06
19  2.362e-06
16  2.987e-06
6  9.007e-06
18  1.318e-05
17  9.877e-06
28  8.012e-06
29  1.464e-05
2  9.146e-06
3  6.646e-06
4  1.249e-05
10  9.919e-06
23  1.546e-05
26  5.098e-06
35  8.953e-06
32  4.386e-06
30  1.154e-05
14  3.426e-06
21  1.110e-05
5  1.287e-05
36  3.335e-07
34  4.687e-06
12  1.748e-06
31  1.098e-05
27  1.507e-05
20  2.925e-06
24  1.214e-05
22  1.316e-05
11  1.205e-05
25  1.026e-05
1  7.490e-04
9  1.447e-05
130
19  4.490e-09
3  3.453e-09
9  4.354e-09
26  4.859e-09
10  3.375e-09
17  4.592e-09
32  4.393e-09
31  4.623e-09
34  4.434e-09
29  4.689e-09
28  4.595e-09
36  4.387e-09
5  4.528e-09
12  4.040e-09
13  4.570e-09
20  4.278e-09
21  4.157e-09
30  4.550e-09
14  4.200e-09
2  3.780e-09
16  4.223e-09
11  4.532e-09
6  4.532e-09
25  4.653e-09
24  4.616e-09
4  4.702e-09
23  4.544e-09
27  4.711e-09
35  4.381e-09
18  4.483e-09
22  4.500e-09
1  2.561e-04
131
13  4.556e-06
15  7.582e-06
16  4.946e-06
18  7.042e-06
17  5.815e-06
10  6.791e-06
28  1.313e-05
29  1.487e-05
3  1.303e-05
5  1.100e-05
2  9.736e-06
22  8.413e-06
14  2.963e-06
23  1.047e-05
36  3.200e-07
27  1.697e-05
25  5.156e-06
12  8.166e-06
6  1.080e-05
32  5.462e-06
34  8.133e-06
30  1.166e-05
11  7.637e-06
9  1.385e-05
31  5.006e-06
26  8.139e-06
21  1.171e-05
8  1.701e-05
35  9.257e-06
4  9.830e-06
7  7.584e-06
24  1.157e-05
1  8.247e-04
20  8.130e-06
132
23  4.748e-09
5  4.676e-09
25  4.623e-09
9  4.571e-09
3  3.438e-09
26  4.294e-09
32  4.006e-09
11  4.370e-09
17  4.527e-09
10  3.463e-09
18  4.109e-09
29  4.821e-09
30  4.423e-09
35  4.589e-09
4  4.692e-09
14  4.315e-09
28  4.401e-09
36  4.242e-09
27  4.512e-09
7  4.587e-09
34  4.141e-09
22  4.086e-09
8  4.739e-09
12  4.433e-09
16  4.285e-09
15  4.118e-09
31  4.653e-09
13  4.204e-09
2  3.738e-09
21  4.622e-09
20  4.638e-09
24  4.505e-09
6  4.080e-09
1  2.508e-04
133
13  5.027e-06
35  3.501e-06
19  2.606e-06
16  5.897e-06
6  5.359e-06
18  6.010e-06
17  7.958e-06
28  1.784e-05
2  7.461e-06
3  4.719e-06
23  1.656e-05
4  1.132e-05
34  1.842e-06
11  1.154e-05
9  1.310e-05
29  9.033e-06
26  8.225e-06
27  9.508e-06
5  1.339e-05
12  7.736e-06
8  1.695e-05
36  2.926e-07
32  1.136e-05
21  1.641e-05
31  1.013e-05
7  4.483e-06
14  2.057e-06
24  5.316e-06
25  1.156e-05
30  1.655e-05
33  1.340e-05
10  6.807e-06
22  1.227e-05
1  7.662e-04
20  5.650e-06
134
19  4.652e-09
35  4.773e-09
13  4.243e-09
3  3.451e-09
10  3.469e-09
32  4.653e-09
17  4.512e-09
18  4.307e-09
34  4.040e-09
7  4.336e-09
29  4.506e-09
14  4.147e-09
36  4.404e-09
12  4.141e-09
8  4.431e-09
4  4.353e-09
9  4.501e-09
5  4.595e-09
11  4.526e-09
6  4.371e-09
23  4.424e-09
26  4.096e-09
27  4.839e-09
20  4.539e-09
33  4.424e-09
31  4.650e-09
21  4.558e-09
22  4.650e-09
16  4.109e-09
24  4.475e-09
30  4.747e-09
2  3.704e-09
25  4.477e-09
28  4.711e-09
1  2.480e-04
135
13  5.867e-06
14  1.131e-06
25  5.636e-06
16  6.285e-06
35  6.324e-06
28  1.047e-05
2  1.158e-05
18  1.166e-05
3  8.749e-06
23  1.226e-05
9  1.281e-05
10  8.221e-06
29  8.878e-06
27  9.777e-06
6  9.246e-06
19  3.120e-06
4  8.423e-06
15  1.096e-05
34  4.736e-06
32  8.054e-06
36  3.675e-07
31  1.007e-05
11  8.186e-06
30  1.746e-05
26  9.416e-06
21  1.496e-05
12  6.791e-06
22  1.063e-05
24  4.386e-06
20  4.757e-06
33  1.553e-05
5  1.129e-05
1  7.808e-04
7  1.359e-05
136
23  4.483e-09
35  4.411e-09
22  4.648e-09
9  4.641e-09
24  4.357e-09
3  3.504e-09
32  4.477e-09
11  4.657e-09
29  4.098e-09
12  4.535e-09
36  4.387e-09
7  4.599e-09
5  4.725e-09
25  4.578e-09
33  4.661e-09
28  4.622e-09
4  4.370e-09
19  4.362e-09
34  4.316e-09
30  4.108e-09
6  4.431e-09
14  4.269e-09
15  4.649e-09
10  3.522e-09
13  4.667e-09
31  4.367e-09
16  4.207e-09
27  4.684e-09
18  4.550e-09
26  4.607e-09
2  3.849e-09
21  4.839e-09
20  4.284e-09
1  2.428e-04
137
13  3.828e-06
14  6.591e-07
16  8.810e-06
28  1.200e-05
17  1.221e-05
2  7.014e-06
3  5.523e-06
10  6.435e-06
5  9.210e-06
18  1.374e-05
4  5.999e-06
23  1.338e-05
11  7.355e-06
15  8.272e-06
9  1.236e-05
36  3.565e-07
35  9.422e-06
26  5.129e-06
29  1.071e-05
6  1.195e-05
31  6.480e-06
25  9.118e-06
22  7.395e-06
34  6.273e-06
32  9.183e-06
12  1.118e-05
20  5.963e-06
21  1.007e-05
33  1.545e-05
8  9.258e-06
27  1.387e-05
19  6.505e-06
7  9.846e-06
30  1.422e-05
1  7.655e-04
138
3  3.498e-09
26  4.859e-09
9  4.501e-09
29  4.515e-09
22  4.356e-09
34  4.433e-09
20  4.524e-09
32  4.393e-09
31  4.125e-09
25  4.665e-09
10  3.383e-09
8  4.425e-09
30  4.543e-09
33  4.424e-09
21  4.684e-09
7  4.095e-09
27  4.157e-09
28  4.839e-09
14  4.322e-09
35  4.559e-09
19  4.437e-09
36  4.244e-09
18  4.748e-09
11  4.440e-09
4  4.341e-09
15  4.438e-09
5  4.712e-09
23  4.382e-09
12  4.376e-09
17  4.725e-09
6  4.315e-09
16  4.355e-09
2  3.838e-09
13  4.608e-09
1  2.723e-04
139
13  2.712e-06
16  4.976e-06
28  8.593e-06
17  1.692e-05
3  8.590e-06
18  9.363e-06
29  1.504e-05
2  8.783e-06
36  1.362e-07
35  1.248e-05
15  1.336e-05
6  1.189e-05
26  7.442e-06
5  1.600e-05
4  8.939e-06
23  1.843e-05
27  1.440e-05
11  5.475e-06
19  6.370e-06
10  1.133e-05
21  1.669e-05
31  7.693e-06
14  5.928e-06
12  6.246e-06
32  1.109e-05
34  8.538e-06
22  9.303e-06
8  1.278e-05
25  1.105e-05
33  2.005e-05
30  8.337e-06
20  4.830e-06
7  1.413e-05
24  1.260e-05
1  8.785e-04
140
36  4.312e-09
16  4.708e-09
4  4.702e-09
23  4.729e-09
5  4.839e-09
13  4.785e-09
35  4.316e-09
22  4.641e-09
31  4.650e-09
30  4.550e-09
14  4.530e-09
20  4.462e-09
26  4.600e-09
15  4.704e-09
32  4.266e-09
6  4.440e-09
3  3.485e-09
10  3.499e-09
17  4.439e-09
12  4.299e-09
8  4.739e-09
27  4.684e-09
18  4.642e-09
28  4.401e-09
19  4.362e-09
34  4.638e-09
11  4.731e-09
33  4.610e-09
24  4.664e-09
29  4.433e-09
7  4.858e-09
25  4.482e-09
21  4.528e-09
2  3.806e-09
1  2.421e-04
141
13  1.488e-06
28  1.302e-05
17  8.555e-06
3  1.497e-05
18  1.528e-05
23  1.116e-05
2  1.021e-05
15  6.741e-06
11  5.630e-06
16  6.146e-06
14  2.779e-06
5  1.496e-05
29  1.321e-05
4  1.458e-05
12  6.270e-06
34  1.029e-05
30  1.363e-05
27  1.652e-05
25  9.147e-06
36  3.280e-07
32  1.239e-05
6  7.533e-06
9  7.605e-06
22  1.090e-05
21  8.191e-06
35  6.286e-06
7  8.637e-06
31  1.247e-05
8  9.691e-06
24  1.341e-05
20  7.534e-06
33  1.385e-05
10  1.254e-05
1  7.889e-04
142
13  4.667e-09
24  4.477e-09
23  4.509e-09
12  4.376e-09
21  4.401e-09
3  3.455e-09
28  4.592e-09
17  4.591e-09
9  4.302e-09
31  4.363e-09
32  4.665e-09
8  4.445e-09
10  3.525e-09
27  4.527e-09
34  4.614e-09
33  4.456e-09
36  4.323e-09
14  4.310e-09
15  4.457e-09
35  4.286e-09
30  4.661e-09
7  4.347e-09
2  3.753e-09
29  4.455e-09
25  4.006e-09
16  4.392e-09
6  4.353e-09
5  4.676e-09
18  4.544e-09
20  4.355e-09
4  4.370e-09
11  4.440e-09
22  4.086e-09
1  2.507e-04
143
13  2.695e-06
29  1.050e-05
17  1.468e-05
3  3.899e-06
18  1.544e-05
4  5.562e-06
23  1.334e-05
2  8.451e-06
14  4.023e-06
27  8.281e-06
19  4.657e-06
35  6.393e-06
5  1.908e-05
10  5.911e-06
28  1.373e-05
25  9.890e-06
36  3.173e-07
15  1.452e-05
26  8.994e-06
6  1.070e-05
31  5.582e-06
30  1.239e-05
16  6.104e-06
12  6.590e-06
34  9.170e-06
20  7.982e-06
32  7.620e-06
9  1.035e-05
21  5.388e-06
22  1.277e-05
7  9.731e-06
33  8.142e-06
24  1.004e-05
1  7.419e-04
144
7  4.712e-09
3  3.469e-09
32  4.512e-09
31  4.623e-09
33  4.099e-09
34  4.399e-09
17  4.839e-09
10  3.431e-09
29  4.611e-09
21  4.440e-09
12  4.141e-09
5  4.436e-09
6  4.666e-09
9  4.357e-09
4  4.079e-09
36  4.254e-09
16  4.708e-09
35  4.559e-09
24  4.650e-09
28  4.725e-09
20  4.462e-09
18  4.642e-09
2  3.806e-09
25  4.512e-09
30  4.553e-09
22  4.573e-09
15  4.571e-09
19  4.367e-09
27  4.512e-09
26  4.588e-09
14  4.652e-09
13  4.452e-09
23  4.554e-09
1  2.624e-04
145
13  6.896e-06
17  1.573e-05
10  7.745e-06
3  1.052e-05
18  9.419e-06
4  1.011e-05
5  1.041e-05
15  1.044e-05
23  1.754e-05
36  1.713e-07
29  1.042e-05
19  5.356e-06
14  3.434e-06
35  9.069e-06
9  1.139e-05
20  4.913e-06
6  1.026e-05
27  9.049e-06
28  1.287e-05
2  9.416e-06
30  9.694e-06
33  1.506e-05
7  1.124e-05
24  1.108e-05
34  6.398e-06
16  8.957e-06
25  9.455e-06
21  1.265e-05
32  1.173e-05
26  4.782e-06
31  1.008e-05
12  9.850e-06
8  8.563e-06
11  1.394e-05
1  8.336e-04
146
36  4.399e-09
4  4.692e-09
25  4.363e-09
19  4.310e-09
7  4.607e-09
5  4.684e-09
13  4.146e-09
24  4.623e-09
35  4.499e-09
27  4.401e-09
20  4.524e-09
23  4.551e-09
26  4.336e-09
11  4.370e-09
12  4.563e-09
9  4.568e-09
30  4.423e-09
31  4.393e-09
28  4.401e-09
17  4.711e-09
15  4.383e-09
6  4.615e-09
10  3.410e-09
8  4.185e-09
33  4.610e-09
3  3.430e-09
14  4.367e-09
32  4.541e-09
21  4.527e-09
18  4.748e-09
2  3.757e-09
16  4.223e-09
29  4.821e-09
34  4.376e-09
1  2.554e-04
147
11  6.071e-06
13  5.733e-06
10  8.842e-06
28  1.422e-05
5  1.320e-05
23  8.258e-06
17  1.458e-05
36  1.704e-07
19  2.299e-06
3  1.066e-05
4  1.390e-05
2  9.724e-06
29  1.526e-05
14  6.526e-06
27  1.283e-05
15  9.450e-06
20  2.925e-06
30  1.170e-05
16  7.505e-06
18  1.018e-05
35  9.334e-06
6  1.150e-05
21  1.100e-05
12  1.071e-05
31  9.336e-06
32  1.278e-05
9  1.218e-05
25  5.180e-06
22  9.460e-06
24  9.827e-06
26  9.657e-06
7  8.779e-06
34  1.098e-05
1  7.929e-04
8  1.302e-05
148
19  4.478e-09
27  4.592e-09
36  4.387e-09
23  4.544e-09
13  4.608e-09
15  4.261e-09
11  4.341e-09
25  4.393e-09
29  4.580e-09
35  4.281e-09
24  4.006e-09
7  4.564e-09
9  4.375e-09
21  4.725e-09
26  4.859e-09
22  4.507e-09
17  4.435e-09
12  4.435e-09
31  4.665e-09
8  4.671e-09
10  3.394e-09
14  4.432e-09
16  4.278e-09
34  4.535e-09
20  4.278e-09
30  4.482e-09
28  4.684e-09
5  4.440e-09
6  4.431e-09
2  3.790e-09
18  4.544e-09
32  4.653e-09
3  3.478e-09
4  4.440e-09
1  2.452e-04
149
15  7.546e-06
29  1.182e-05
25  9.561e-06
10  9.513e-06
35  2.914e-06
18  9.089e-06
23  1.322e-05
6  1.356e-05
19  5.575e-06
3  1.312e-05
36  3.173e-07
2  8.377e-06
9  1.102e-05
5  1.309e-05
13  4.202e-06
14  3.551e-06
27  8.410e-06
17  9.156e-06
16  4.571e-06
21  1.554e-05
33  1.068e-05
24  9.898e-06
4  1.280e-05
34  1.119e-05
30  9.906e-06
12  1.086e-05
22  1.139e-05
20  1.089e-05
32  9.366e-06
31  1.113e-05
7  4.887e-06
1  7.363e-04
8  1.552e-05
150
14  4.147e-09
19  4.269e-09
15  4.314e-09
13  4.667e-09
35  4.102e-09
5  4.595e-09
9  4.354e-09
29  4.760e-09
10  3.447e-09
27  4.440e-09
36  4.318e-09
17  4.557e-09
7  4.347e-09
33  4.661e-09
12  4.376e-09
32  4.366e-09
6  4.702e-09
2  3.780e-09
8  4.431e-09
30  4.306e-09
23  4.483e-09
24  4.512e-09
20  4.469e-09
4  4.666e-09
18  4.382e-09
25  4.477e-09
16  4.293e-09
34  4.375e-09
22  4.086e-09
31  4.482e-09
21  4.436e-09
3  3.494e-09
1  2.519e-04
151
11  5.869e-06
36  3.082e-07
14  3.387e-06
6  1.232e-05
10  7.578e-06
18  1.119e-05
29  1.159e-05
3  4.359e-06
17  1.650e-05
9  6.280e-06
4  9.496e-06
13  2.709e-06
25  1.405e-05
35  9.362e-06
20  8.097e-06
8  1.146e-05
23  1.522e-05
28  1.290e-05
7  9.771e-06
21  1.580e-05
32  1.169e-05
12  3.315e-06
33  1.425e-05
34  5.781e-06
16  7.904e-06
19  1.745e-06
24  8.888e-06
2  4.538e-06
30  1.247e-05
31  1.138e-05
22  5.427e-06
1  7.671e-04
26  1.383e-05
152
36  4.404e-09
14  4.437e-09
13  4.452e-09
11  4.615e-09
9  4.087e-09
35  4.594e-09
12  4.434e-09
34  4.299e-09
32  4.531e-09
18  4.109e-09
24  4.578e-09
10  3.430e-09
19  4.200e-09
4  4.657e-09
30  4.543e-09
3  3.473e-09
7  4.313e-09
25  4.366e-09
2  3.693e-09
17  4.621e-09
8  4.518e-09
33  4.581e-09
16  4.284e-09
23  4.729e-09
26  4.096e-09
31  4.665e-09
6  4.499e-09
20  4.524e-09
28  4.440e-09
29  4.580e-09
22  4.301e-09
21  4.725e-09
1  2.638e-04
153
12  7.185e-06
34  5.991e-06
10  1.115e-05
18  9.873e-06
3  7.316e-06
5  1.160e-05
9  1.290e-05
2  8.558e-06
21  1.140e-05
19  1.853e-06
14  5.909e-06
16  7.828e-06
6  1.071e-05
20  5.889e-06
4  7.104e-06
22  1.053e-05
23  1.805e-05
35  8.982e-06
27  7.042e-06
31  1.131e-05
8  6.274e-06
15  1.146e-05
13  5.729e-06
36  2.094e-07
28  1.820e-05
26  1.455e-05
25  8.218e-06
32  1.166e-05
30  1.320e-05
17  1.152e-05
29  1.533e-05
33  1.349e-05
11  9.338e-06
24  1.009e-05
7  1.426e-05
1  8.095e-04
154
20  4.109e-09
34  4.435e-09
13  4.419e-09
19  4.269e-09
16  4.392e-09
26  4.859e-09
27  4.157e-09
24  4.650e-09
7  4.641e-09
31  4.482e-09
33  4.424e-09
5  4.725e-09
2  3.746e-09
11  4.079e-09
10  3.413e-09
18  4.554e-09
14  4.310e-09
23  4.382e-09
35  4.376e-09
32  4.366e-09
9  4.574e-09
4  4.702e-09
8  4.084e-09
29  4.515e-09
12  4.614e-09
21  4.595e-09
36  4.323e-09
6  4.315e-09
25  4.578e-09
17  4.156e-09
28  4.711e-09
30  4.457e-09
3  3.455e-09
22  4.373e-09
15  4.508e-09
1  2.018e-04
155
1  2.400e-04
156
1  1.634e-04
157
1  1.482e-04
158
1  1.634e-04
159
1  1.482e-04
160
1  1.634e-04
161
1  1.482e-04
162
1  1.634e-04
163
1  1.482e-04
164
1  1.634e-04
165
1  1.482e-04
166
1  1.634e-04
167
1  1.482e-04
168
1  1.634e-04
169
1  1.482e-04
170
1  1.634e-04
171
1  1.482e-04
172
1  1.634e-04
173
1  1.482e-04
174
1  3.591e-07
175
2  0.000e+00
10  0.000e+00
3  0.000e+00
36  0.000e+00
35  0.000e+00
34  0.000e+00
33  0.000e+00
32  0.000e+00
31  0.000e+00
30  0.000e+00
29  0.000e+00
28  0.000e+00
27  0.000e+00
26  0.000e+00
25  0.000e+00
24  0.000e+00
23  0.000e+00
22  0.000e+00
21  0.000e+00
20  0.000e+00
19  0.000e+00
18  0.000e+00
17  0.000e+00
16  0.000e+00
15  0.000e+00
14  0.000e+00
13  0.000e+00
12  0.000e+00
11  0.000e+00
9  0.000e+00
8  0.000e+00
7  0.000e+00
6  0.000e+00
5  0.000e+00
4  0.000e+00
1  0.000e+00
; file closed at 175ns
; trailer 819505344
