
                           Design Compiler Graphical 
                                 DC Ultra (TM)
                                  DFTMAX (TM)
                              Power Compiler (TM)
                                 DesignWare (R)
                                 DC Expert (TM)
                               Design Vision (TM)
                               HDL Compiler (TM)
                               VHDL Compiler (TM)
                                  DFT Compiler
                               Design Compiler(R)

                 Version T-2022.03 for linux64 - Feb 22, 2022 

                    Copyright (c) 1988 - 2022 Synopsys, Inc.
   This software and the associated documentation are proprietary to Synopsys,
 Inc. This software may only be used in accordance with the terms and conditions
 of a written license agreement with Synopsys, Inc. All other use, reproduction,
   or distribution of this software is strictly prohibited.  Licensed Products
     communicate with Synopsys servers for the purpose of providing software
    updates, detecting software piracy and verifying that customers are using
    Licensed Products in conformity with the applicable License Key for such
  Licensed Products. Synopsys will use information gathered in connection with
    this process to deliver software updates and pursue software pirates and
                                   infringers.

 Inclusivity & Diversity - Visit SolvNetPlus to read the "Synopsys Statement on
            Inclusivity and Diversity" (Refer to article 000036315 at
                        https://solvnetplus.synopsys.com)
Initializing...
#======================================================
#
# Synopsys Synthesis Scripts (Design Vision dctcl mode)
#
#======================================================
#======================================================
#  Set Libraries
#======================================================
set search_path {    ./../01_RTL \
                     ./ }
    ./../01_RTL  ./ 
set synthetic_library {dw_foundation.sldb}
dw_foundation.sldb
set link_library {* dw_foundation.sldb standard.sldb asap7sc7p5t_AO_RVT_TT_08302018.db asap7sc7p5t_OA_RVT_TT_08302018.db asap7sc7p5t_INVBUF_RVT_TT_08302018.db asap7sc7p5t_SEQ_RVT_TT_08302018.db asap7sc7p5t_SIMPLE_RVT_TT_08302018.db asap7sc7p5t_AO_RVT_TT_08302018.db  asap7sc7p5t_OA_RVT_TT_08302018.db}
* dw_foundation.sldb standard.sldb asap7sc7p5t_AO_RVT_TT_08302018.db asap7sc7p5t_OA_RVT_TT_08302018.db asap7sc7p5t_INVBUF_RVT_TT_08302018.db asap7sc7p5t_SEQ_RVT_TT_08302018.db asap7sc7p5t_SIMPLE_RVT_TT_08302018.db asap7sc7p5t_AO_RVT_TT_08302018.db  asap7sc7p5t_OA_RVT_TT_08302018.db
set target_library {asap7sc7p5t_INVBUF_RVT_TT_08302018.db asap7sc7p5t_SIMPLE_RVT_TT_08302018.db asap7sc7p5t_SEQ_RVT_TT_08302018.db} 
asap7sc7p5t_INVBUF_RVT_TT_08302018.db asap7sc7p5t_SIMPLE_RVT_TT_08302018.db asap7sc7p5t_SEQ_RVT_TT_08302018.db
# set search_path {	./../01_RTL \
# 			/usr/cad/arm/CBDK_TSMC018_Arm_f1.0/CIC/SynopsysDC/db/ \
# 			/usr/cad/synopsys/synthesis/2019.12/libraries/syn/ }
# 				   
# set synthetic_library {dw_foundation.sldb}
# set link_library {* dw_foundation.sldb standard.sldb slow.db}
# set target_library {slow.db}
#======================================================
#  Global Parameters
#======================================================
set DESIGN "Convolution"
Convolution
set CLK_period 1000.0
1000.0
set IN_DLY  [expr 0.5*$CLK_period]
500.0
set OUT_DLY [expr 0.5*$CLK_period]
500.0
#======================================================
#  Read RTL Code
#======================================================
analyze -f sverilog $DESIGN\.v 
Running PRESTO HDLC
Compiling source file ./../01_RTL/Convolution.v
Presto compilation completed successfully.
Loading db file '/usr/cad/synopsys/synthesis/2022.03/libraries/syn/dw_foundation.sldb'
Loading db file '/usr/cad/synopsys/synthesis/2022.03/libraries/syn/standard.sldb'
Loading db file '/RAID2/COURSE/dic/dic299/hw5/5_2/02_SYN/asap7sc7p5t_AO_RVT_TT_08302018.db'
Loading db file '/RAID2/COURSE/dic/dic299/hw5/5_2/02_SYN/asap7sc7p5t_OA_RVT_TT_08302018.db'
Loading db file '/RAID2/COURSE/dic/dic299/hw5/5_2/02_SYN/asap7sc7p5t_INVBUF_RVT_TT_08302018.db'
Loading db file '/RAID2/COURSE/dic/dic299/hw5/5_2/02_SYN/asap7sc7p5t_SEQ_RVT_TT_08302018.db'
Loading db file '/RAID2/COURSE/dic/dic299/hw5/5_2/02_SYN/asap7sc7p5t_SIMPLE_RVT_TT_08302018.db'
1
elaborate $DESIGN 
Loading db file '/usr/cad/synopsys/synthesis/2022.03/libraries/syn/gtech.db'
  Loading link library 'asap7sc7p5t_AO_RVT_TT_08302018'
  Loading link library 'asap7sc7p5t_OA_RVT_TT_08302018'
  Loading link library 'asap7sc7p5t_INVBUF_RVT_TT_08302018'
  Loading link library 'asap7sc7p5t_SEQ_RVT_TT_08302018'
  Loading link library 'asap7sc7p5t_SIMPLE_RVT_TT_08302018'
  Loading link library 'gtech'
Running PRESTO HDLC
Warning:  ./../01_RTL/Convolution.v:95: signed to unsigned assignment occurs. (VER-318)
Warning:  ./../01_RTL/Convolution.v:99: signed to unsigned assignment occurs. (VER-318)

Statistics for case statements in always block at line 93 in file
	'./../01_RTL/Convolution.v'
===============================================
|           Line           |  full/ parallel  |
===============================================
|            94            |    auto/auto     |
===============================================

Inferred memory devices in process
	in routine Convolution line 86 in file
		'./../01_RTL/Convolution.v'.
===============================================================================
|    Register Name    |   Type    | Width | Bus | MB | AR | AS | SR | SS | ST |
===============================================================================
|    state_cs_reg     | Flip-flop |   2   |  Y  | N  | Y  | N  | N  | N  | N  |
===============================================================================

Inferred memory devices in process
	in routine Convolution line 137 in file
		'./../01_RTL/Convolution.v'.
===============================================================================
|    Register Name    |   Type    | Width | Bus | MB | AR | AS | SR | SS | ST |
===============================================================================
|  Weight_Buffer_reg  | Flip-flop |  72   |  Y  | N  | Y  | N  | N  | N  | N  |
===============================================================================

Inferred memory devices in process
	in routine Convolution line 160 in file
		'./../01_RTL/Convolution.v'.
===============================================================================
|    Register Name    |   Type    | Width | Bus | MB | AR | AS | SR | SS | ST |
===============================================================================
|    In_Buffer_reg    | Flip-flop |  72   |  Y  | N  | Y  | N  | N  | N  | N  |
===============================================================================

Inferred memory devices in process
	in routine Convolution line 183 in file
		'./../01_RTL/Convolution.v'.
===============================================================================
|    Register Name    |   Type    | Width | Bus | MB | AR | AS | SR | SS | ST |
===============================================================================
|    count_out_reg    | Flip-flop |   5   |  Y  | N  | Y  | N  | N  | N  | N  |
===============================================================================

Inferred memory devices in process
	in routine Convolution line 191 in file
		'./../01_RTL/Convolution.v'.
===============================================================================
|    Register Name    |   Type    | Width | Bus | MB | AR | AS | SR | SS | ST |
===============================================================================
|    out_valid_reg    | Flip-flop |   1   |  N  | N  | Y  | N  | N  | N  | N  |
===============================================================================

Inferred memory devices in process
	in routine Convolution line 200 in file
		'./../01_RTL/Convolution.v'.
===============================================================================
|    Register Name    |   Type    | Width | Bus | MB | AR | AS | SR | SS | ST |
===============================================================================
|     Out_OFM_reg     | Flip-flop |  21   |  Y  | N  | Y  | N  | N  | N  | N  |
===============================================================================
Presto compilation completed successfully. (Convolution)
Elaborated 1 design.
Current design is now 'Convolution'.
1
#======================================================
#  Set Design Constraints
#======================================================
create_clock -name "clk" -period $CLK_period clk 
1
set_input_delay  [ expr $CLK_period*0.5 ] -clock clk [all_inputs]
1
set_output_delay [ expr $CLK_period*0.5 ] -clock clk [all_outputs]
1
set_input_delay 0 -clock clk clk
1
set_input_delay 0 -clock clk rst_n
1
# set_input_delay 0 -clock clk cg_en
set_load 0.05 [all_outputs]
1
set_max_delay $CLK_period -from [all_inputs] -to [all_outputs]
1
# set_dont_use slow/JKFF*
#======================================================
#  Optimization
#======================================================
uniquify
1
check_design > Report/$DESIGN\.check
set_fix_multiple_port_nets -all -buffer_constants
1
set_fix_hold [all_clocks]
1
compile
Information: Checking out the license 'DesignWare'. (SEC-104)
Information: Evaluating DesignWare library utilization. (UISN-27)

============================================================================
| DesignWare Building Block Library  |         Version         | Available |
============================================================================
| Basic DW Building Blocks           | S-2021.06-DWBB_202106.0 |     *     |
| Licensed DW Building Blocks        | S-2021.06-DWBB_202106.0 |     *     |
============================================================================

====================================================================================================
| Flow Information                                                                                 |
----------------------------------------------------------------------------------------------------
| Flow         | Design Compiler                                                                   |
====================================================================================================
| Design Information                                      | Value                                  |
====================================================================================================
| Number of Scenarios                                     | 0                                      |
| Leaf Cell Count                                         | 579                                    |
| Number of User Hierarchies                              | 0                                      |
| Sequential Cell Count                                   | 176                                    |
| Macro Count                                             | 0                                      |
| Number of Power Domains                                 | 0                                      |
| Number of Path Groups                                   | 2                                      |
| Number of VT class                                      | 0                                      |
| Number of Clocks                                        | 1                                      |
| Number of Dont Touch cells                              | 18                                     |
| Number of Dont Touch nets                               | 0                                      |
| Number of size only cells                               | 3                                      |
| Design with UPF Data                                    | false                                  |
----------------------------------------------------------------------------------------------------
| Variables                                               | Value                                  |
----------------------------------------------------------------------------------------------------
| set_fix_multiple_port_nets                              | -all -buffer_constants                 |
====================================================================================================

Information: There are 2 potential problems in your design. Please run 'check_design' for more information. (LINT-99)



  Beginning Pass 1 Mapping
  ------------------------
  Processing 'Convolution'
Information: The register 'state_cs_reg[0]' is a constant and will be removed. (OPT-1206)

  Updating timing information
Information: Updating design information... (UID-85)

  Beginning Implementation Selection
  ----------------------------------
  Processing 'Convolution_DW01_inc_0'
  Building model 'DW01_NAND2'
  Processing 'DW01_NAND2'
  Building model 'DW01_add_width17' (rpl)
  Processing 'DW01_add_width17'
  Building model 'DW01_add_width18' (rpl)
  Processing 'DW01_add_width18'
  Building model 'DW01_add_width19' (rpl)
  Processing 'DW01_add_width19'
  Building model 'DW01_add_width20' (rpl)
  Processing 'DW01_add_width20'
  Building model 'DW01_add_width21' (rpl)
  Processing 'DW01_add_width21'
  Processing 'Convolution_DW01_add_0'
  Processing 'Convolution_DW01_add_1'
  Processing 'Convolution_DW01_add_2'
  Processing 'Convolution_DW01_add_3'
  Processing 'Convolution_DW01_add_4'
  Processing 'Convolution_DW01_add_5'
  Processing 'Convolution_DW01_add_6'
  Processing 'Convolution_DW01_add_7'
  Mapping 'Convolution_DW_mult_uns_0'
  Mapping 'Convolution_DW_mult_uns_1'
  Mapping 'Convolution_DW_mult_uns_2'
  Mapping 'Convolution_DW_mult_uns_3'
  Mapping 'Convolution_DW_mult_uns_4'
  Mapping 'Convolution_DW_mult_uns_5'
  Mapping 'Convolution_DW_mult_uns_6'
  Mapping 'Convolution_DW_mult_uns_7'
  Mapping 'Convolution_DW_mult_uns_8'

  Beginning Mapping Optimizations  (Medium effort)
  -------------------------------
LNC WARNING: Found output_to_output lib arc on HAxp5_ASAP7_75t_R.
Information: The register 'Out_OFM_reg[20]' is a constant and will be removed. (OPT-1206)

                                  TOTAL                                                  
   ELAPSED            WORST NEG   SETUP    DESIGN                              MIN DELAY 
    TIME      AREA      SLACK     COST    RULE COST         ENDPOINT             COST    
  --------- --------- --------- --------- --------- ------------------------- -----------
    0:00:03    5455.0      0.00       0.0       0.0                                0.00  
    0:00:03    5455.0      0.00       0.0       0.0                                0.00  
    0:00:03    5455.0      0.00       0.0       0.0                                0.00  
    0:00:03    5455.0      0.00       0.0       0.0                                0.00  
    0:00:03    5455.0      0.00       0.0       0.0                                0.00  
    0:00:03    5178.6     32.24      67.9       0.0                                0.00  
    0:00:03    5187.7      7.29      12.7       0.0                                0.00  
    0:00:04    5182.1      2.81       2.8       0.0                                0.00  
    0:00:04    5182.8      0.00       0.0       0.0                                0.00  
    0:00:04    5181.8      0.11       0.1       0.0                                0.00  
    0:00:04    5182.5      0.00       0.0       0.0                                0.00  
    0:00:04    5182.5      0.00       0.0       0.0                                0.00  
    0:00:04    5182.5      0.00       0.0       0.0                                0.00  
    0:00:04    5182.5      0.00       0.0       0.0                                0.00  
    0:00:04    5182.5      0.00       0.0       0.0                                0.00  
    0:00:04    5182.5      0.00       0.0       0.0                                0.00  
    0:00:04    5182.5      0.00       0.0       0.0                                0.00  



  Beginning Delay Optimization Phase
  ----------------------------------

                                  TOTAL                                                  
   ELAPSED            WORST NEG   SETUP    DESIGN                              MIN DELAY 
    TIME      AREA      SLACK     COST    RULE COST         ENDPOINT             COST    
  --------- --------- --------- --------- --------- ------------------------- -----------
    0:00:04    5182.5      0.00       0.0       0.0                                0.00  
    0:00:04    5182.5      0.00       0.0       0.0                                0.00  
    0:00:04    5043.3      0.00       0.0     351.7                                0.00  


  Beginning Design Rule Fixing  (max_transition)  (max_capacitance)
  ----------------------------

                                  TOTAL                                                  
   ELAPSED            WORST NEG   SETUP    DESIGN                              MIN DELAY 
    TIME      AREA      SLACK     COST    RULE COST         ENDPOINT             COST    
  --------- --------- --------- --------- --------- ------------------------- -----------
    0:00:04    5043.3      0.00       0.0     351.7                                0.00  
    0:00:04    5044.0      0.00       0.0       0.0                                0.00  


  Beginning Area-Recovery Phase  (cleanup)
  -----------------------------

                                  TOTAL                                                  
   ELAPSED            WORST NEG   SETUP    DESIGN                              MIN DELAY 
    TIME      AREA      SLACK     COST    RULE COST         ENDPOINT             COST    
  --------- --------- --------- --------- --------- ------------------------- -----------
    0:00:04    5044.0      0.00       0.0       0.0                                0.00  
    0:00:04    5044.0      0.00       0.0       0.0                                0.00  
    0:00:04    5026.3      0.62       0.6       0.0                                0.00  
    0:00:04    5019.5      0.03       0.0       0.0                                0.00  
    0:00:04    5018.6      0.03       0.0       0.0                                0.00  
    0:00:04    5017.9      0.03       0.0       0.0                                0.00  
    0:00:04    5017.2      0.03       0.0       0.0                                0.00  
    0:00:04    5017.2      0.03       0.0       0.0                                0.00  
    0:00:04    5017.6      0.00       0.0       0.0                                0.00  
    0:00:04    5016.7      1.86       1.9       0.0                                0.00  
    0:00:04    5016.7      1.86       1.9       0.0                                0.00  
    0:00:04    5016.7      1.86       1.9       0.0                                0.00  
    0:00:04    5016.7      1.86       1.9       0.0                                0.00  
    0:00:04    5016.7      1.86       1.9       0.0                                0.00  
    0:00:04    5016.7      1.86       1.9       0.0                                0.00  
    0:00:04    5005.3      0.00       0.0       0.0                                0.00  
Loading db file '/RAID2/COURSE/dic/dic299/hw5/5_2/02_SYN/asap7sc7p5t_AO_RVT_TT_08302018.db'
Loading db file '/RAID2/COURSE/dic/dic299/hw5/5_2/02_SYN/asap7sc7p5t_OA_RVT_TT_08302018.db'
Loading db file '/RAID2/COURSE/dic/dic299/hw5/5_2/02_SYN/asap7sc7p5t_INVBUF_RVT_TT_08302018.db'
Loading db file '/RAID2/COURSE/dic/dic299/hw5/5_2/02_SYN/asap7sc7p5t_SEQ_RVT_TT_08302018.db'
Loading db file '/RAID2/COURSE/dic/dic299/hw5/5_2/02_SYN/asap7sc7p5t_SIMPLE_RVT_TT_08302018.db'


Note: Symbol # after min delay cost means estimated hold TNS across all active scenarios 


  Optimization Complete
  ---------------------
1
#======================================================
#  Output Reports 
#======================================================
report_timing >  Report/$DESIGN\.timing
report_area >  Report/$DESIGN\.area
report_resource >  Report/$DESIGN\.resource
#======================================================
#  Change Naming Rule
#======================================================
set bus_inference_style "%s\[%d\]"
%s[%d]
set bus_naming_style "%s\[%d\]"
%s[%d]
set hdlout_internal_busses true
true
change_names -hierarchy -rule verilog
Warning: The specified replacement character (_) is conflicting with the specified allowed or restricted character.   (UCN-4)
1
define_name_rules name_rule -allowed "a-z A-Z 0-9 _" -max_length 255 -type cell
1
define_name_rules name_rule -allowed "a-z A-Z 0-9 _[]" -max_length 255 -type net
1
define_name_rules name_rule -map {{"\\*cell\\*" "cell"}}
1
change_names -hierarchy -rules name_rule
1
#======================================================
#  Output Results
#======================================================
set verilogout_higher_designs_first true
true
write -format verilog -output Netlist/$DESIGN\_SYN.v -hierarchy
Writing verilog file '/RAID2/COURSE/dic/dic299/hw5/5_2/02_SYN/Netlist/Convolution_SYN.v'.
1
# set_annotated_delay 0 -cell -to [get_pins -filter "pin_direction == out" -of_objects [get_cells "GATED_*/U*" -filter "ref_name==OR2x2_ASAP7_75t_R"]]
# set_annotated_delay 0 -cell -to [get_pins -filter "pin_direction == out" -of_objects [get_cells "GATED_*/U*" -filter "ref_name==NAND2xp5_ASAP7_75t_R"]]
# set_annotated_delay 0 -cell -to [get_pins -filter "pin_direction == out" -of_objects [get_cells "GATED_*/U*" -filter "ref_name==INVx1_ASAP7_75t_R"]]
write_sdf -version 3.0 -context verilog -load_delay cell Netlist/$DESIGN\_SYN.sdf -significant_digits 6
Information: Writing timing information to file '/RAID2/COURSE/dic/dic299/hw5/5_2/02_SYN/Netlist/Convolution_SYN.sdf'. (WT-3)
1
write_sdc Netlist/$DESIGN\_SYN.sdc
1
#======================================================
#  Finish and Quit
#======================================================
report_area
 
****************************************
Report : area
Design : Convolution
Version: T-2022.03
Date   : Tue Dec 19 15:04:52 2023
****************************************

Library(s) Used:

    asap7sc7p5t_INVBUF_RVT_TT_08302018 (File: /RAID2/COURSE/dic/dic299/hw5/5_2/02_SYN/asap7sc7p5t_INVBUF_RVT_TT_08302018.db)
    asap7sc7p5t_SIMPLE_RVT_TT_08302018 (File: /RAID2/COURSE/dic/dic299/hw5/5_2/02_SYN/asap7sc7p5t_SIMPLE_RVT_TT_08302018.db)
    asap7sc7p5t_SEQ_RVT_TT_08302018 (File: /RAID2/COURSE/dic/dic299/hw5/5_2/02_SYN/asap7sc7p5t_SEQ_RVT_TT_08302018.db)

Number of ports:                          830
Number of nets:                          4119
Number of cells:                         2944
Number of combinational cells:           2755
Number of sequential cells:               174
Number of macros/black boxes:               0
Number of buf/inv:                        591
Number of references:                      35

Combinational area:               3954.095980
Buf/Inv area:                      415.238405
Noncombinational area:            1051.159673
Macro/Black Box area:                0.000000
Net Interconnect area:      undefined  (No wire load specified)

Total cell area:                  5005.255653
Total area:                 undefined
1
report_timing
 
****************************************
Report : timing
        -path full
        -delay max
        -max_paths 1
Design : Convolution
Version: T-2022.03
Date   : Tue Dec 19 15:04:52 2023
****************************************

Operating Conditions: PVT_0P7V_25C   Library: asap7sc7p5t_INVBUF_RVT_TT_08302018
Wire Load Model Mode: top

  Startpoint: Weight_Buffer_reg_7__1_
              (rising edge-triggered flip-flop clocked by clk)
  Endpoint: Out_OFM_reg_18_
            (rising edge-triggered flip-flop clocked by clk)
  Path Group: clk
  Path Type: max

  Point                                                   Incr       Path
  --------------------------------------------------------------------------
  clock clk (rise edge)                                   0.00       0.00
  clock network delay (ideal)                             0.00       0.00
  Weight_Buffer_reg_7__1_/CLK (ASYNC_DFFHx1_ASAP7_75t_R)
                                                          0.00       0.00 r
  Weight_Buffer_reg_7__1_/QN (ASYNC_DFFHx1_ASAP7_75t_R)
                                                         47.66      47.66 r
  U610/Y (BUFx2_ASAP7_75t_R)                             24.34      71.99 r
  mult_204_7/b[1] (Convolution_DW_mult_uns_2)             0.00      71.99 r
  mult_204_7/U265/Y (NAND2xp5_ASAP7_75t_R)               15.09      87.08 f
  mult_204_7/U256/Y (NOR2xp33_ASAP7_75t_R)               27.60     114.69 r
  mult_204_7/U146/CON (FAx1_ASAP7_75t_R)                 23.12     137.80 f
  mult_204_7/U287/Y (INVx1_ASAP7_75t_R)                  16.39     154.19 r
  mult_204_7/U140/SN (FAx1_ASAP7_75t_R)                  51.26     205.45 r
  mult_204_7/U335/Y (XOR2xp5_ASAP7_75t_R)                36.43     241.88 r
  mult_204_7/U238/Y (XOR2x2_ASAP7_75t_R)                 31.82     273.70 f
  mult_204_7/product[4] (Convolution_DW_mult_uns_2)       0.00     273.70 f
  add_7_root_add_0_root_add_204_8/B[4] (Convolution_DW01_add_7)
                                                          0.00     273.70 f
  add_7_root_add_0_root_add_204_8/U1_4/CON (FAx1_ASAP7_75t_R)
                                                         21.54     295.24 r
  add_7_root_add_0_root_add_204_8/U13/Y (INVx1_ASAP7_75t_R)
                                                         15.50     310.74 f
  add_7_root_add_0_root_add_204_8/U1_5/CON (FAx1_ASAP7_75t_R)
                                                         20.36     331.10 r
  add_7_root_add_0_root_add_204_8/U12/Y (INVx1_ASAP7_75t_R)
                                                         15.50     346.60 f
  add_7_root_add_0_root_add_204_8/U1_6/CON (FAx1_ASAP7_75t_R)
                                                         20.36     366.96 r
  add_7_root_add_0_root_add_204_8/U11/Y (INVx1_ASAP7_75t_R)
                                                         15.57     382.53 f
  add_7_root_add_0_root_add_204_8/U1_7/CON (FAx1_ASAP7_75t_R)
                                                         20.37     402.90 r
  add_7_root_add_0_root_add_204_8/U10/Y (INVx1_ASAP7_75t_R)
                                                         15.56     418.46 f
  add_7_root_add_0_root_add_204_8/U1_8/CON (FAx1_ASAP7_75t_R)
                                                         20.37     438.83 r
  add_7_root_add_0_root_add_204_8/U9/Y (INVx1_ASAP7_75t_R)
                                                         15.57     454.40 f
  add_7_root_add_0_root_add_204_8/U1_9/CON (FAx1_ASAP7_75t_R)
                                                         20.37     474.77 r
  add_7_root_add_0_root_add_204_8/U8/Y (INVx1_ASAP7_75t_R)
                                                         15.56     490.34 f
  add_7_root_add_0_root_add_204_8/U1_10/CON (FAx1_ASAP7_75t_R)
                                                         20.37     510.71 r
  add_7_root_add_0_root_add_204_8/U7/Y (INVx1_ASAP7_75t_R)
                                                         15.57     526.28 f
  add_7_root_add_0_root_add_204_8/U1_11/CON (FAx1_ASAP7_75t_R)
                                                         20.37     546.65 r
  add_7_root_add_0_root_add_204_8/U6/Y (INVx1_ASAP7_75t_R)
                                                         15.57     562.22 f
  add_7_root_add_0_root_add_204_8/U1_12/CON (FAx1_ASAP7_75t_R)
                                                         20.37     582.60 r
  add_7_root_add_0_root_add_204_8/U5/Y (INVx1_ASAP7_75t_R)
                                                         15.57     598.16 f
  add_7_root_add_0_root_add_204_8/U1_13/CON (FAx1_ASAP7_75t_R)
                                                         20.37     618.54 r
  add_7_root_add_0_root_add_204_8/U4/Y (INVx1_ASAP7_75t_R)
                                                         15.56     634.09 f
  add_7_root_add_0_root_add_204_8/U1_14/CON (FAx1_ASAP7_75t_R)
                                                         20.37     654.46 r
  add_7_root_add_0_root_add_204_8/U3/Y (INVx1_ASAP7_75t_R)
                                                         15.56     670.03 f
  add_7_root_add_0_root_add_204_8/U1_15/SN (FAx1_ASAP7_75t_R)
                                                         37.57     707.60 f
  add_7_root_add_0_root_add_204_8/U27/Y (INVx1_ASAP7_75t_R)
                                                         18.83     726.43 r
  add_7_root_add_0_root_add_204_8/SUM[15] (Convolution_DW01_add_7)
                                                          0.00     726.43 r
  add_3_root_add_0_root_add_204_8/B[15] (Convolution_DW01_add_5)
                                                          0.00     726.43 r
  add_3_root_add_0_root_add_204_8/U1_15/SN (FAx1_ASAP7_75t_R)
                                                         38.82     765.25 f
  add_3_root_add_0_root_add_204_8/U29/Y (INVx1_ASAP7_75t_R)
                                                         18.83     784.09 r
  add_3_root_add_0_root_add_204_8/SUM[15] (Convolution_DW01_add_5)
                                                          0.00     784.09 r
  add_2_root_add_0_root_add_204_8/B[15] (Convolution_DW01_add_4)
                                                          0.00     784.09 r
  add_2_root_add_0_root_add_204_8/U1_15/SN (FAx1_ASAP7_75t_R)
                                                         35.94     820.03 r
  add_2_root_add_0_root_add_204_8/U31/Y (INVx1_ASAP7_75t_R)
                                                         17.51     837.54 f
  add_2_root_add_0_root_add_204_8/SUM[15] (Convolution_DW01_add_4)
                                                          0.00     837.54 f
  add_0_root_add_0_root_add_204_8/B[15] (Convolution_DW01_add_0)
                                                          0.00     837.54 f
  add_0_root_add_0_root_add_204_8/U1_15/CON (FAx1_ASAP7_75t_R)
                                                         22.82     860.36 r
  add_0_root_add_0_root_add_204_8/U9/Y (INVx1_ASAP7_75t_R)
                                                         15.27     875.63 f
  add_0_root_add_0_root_add_204_8/U1_16/CON (FAx1_ASAP7_75t_R)
                                                         20.30     895.92 r
  add_0_root_add_0_root_add_204_8/U8/Y (INVx1_ASAP7_75t_R)
                                                         15.27     911.19 f
  add_0_root_add_0_root_add_204_8/U1_17/CON (FAx1_ASAP7_75t_R)
                                                         20.30     931.49 r
  add_0_root_add_0_root_add_204_8/U7/Y (INVx1_ASAP7_75t_R)
                                                         15.56     947.05 f
  add_0_root_add_0_root_add_204_8/U4/Y (XOR2xp5_ASAP7_75t_R)
                                                         19.97     967.03 f
  add_0_root_add_0_root_add_204_8/SUM[18] (Convolution_DW01_add_0)
                                                          0.00     967.03 f
  U21/Y (NAND2xp5_ASAP7_75t_R)                           11.33     978.36 r
  Out_OFM_reg_18_/D (ASYNC_DFFHx1_ASAP7_75t_R)            0.00     978.36 r
  data arrival time                                                978.36

  clock clk (rise edge)                                1000.00    1000.00
  clock network delay (ideal)                             0.00    1000.00
  Out_OFM_reg_18_/CLK (ASYNC_DFFHx1_ASAP7_75t_R)          0.00    1000.00 r
  library setup time                                    -20.96     979.04
  data required time                                               979.04
  --------------------------------------------------------------------------
  data required time                                               979.04
  data arrival time                                               -978.36
  --------------------------------------------------------------------------
  slack (MET)                                                        0.68


1
exit

Memory usage for this session 168 Mbytes.
Memory usage for this session including child processes 168 Mbytes.
CPU usage for this session 7 seconds ( 0.00 hours ).
Elapsed time for this session 41 seconds ( 0.01 hours ).

Thank you...
