irun(64): 15.20-s084: (c) Copyright 1995-2020 Cadence Design Systems, Inc.
TOOL:	irun(64)	15.20-s084: Started on Dec 19, 2023 at 15:05:23 CST
irun
	../00_TESTBED/TESTBED.v
	-define GATE
	-debug
	-v asap7sc7p5t_SIMPLE_RVT_TT_08302018.v
	asap7sc7p5t_SEQ_RVT_TT_08302018.v
	asap7sc7p5t_INVBUF_RVT_TT_08302018.v
	-nontcglitch
	-loadpli1 debpli:novas_pli_boot
Recompiling... reason: file '../02_SYN/Netlist/Convolution_SYN.v' is newer than expected.
	expected: Mon Dec 18 21:46:58 2023
	actual:   Tue Dec 19 15:04:51 2023
file: ../00_TESTBED/TESTBED.v
	module worklib.Convolution:v
		errors: 0, warnings: 0
	module worklib.Convolution_DW01_add_0:v
		errors: 0, warnings: 0
	module worklib.Convolution_DW01_add_1:v
		errors: 0, warnings: 0
	module worklib.Convolution_DW01_add_4:v
		errors: 0, warnings: 0
	module worklib.Convolution_DW01_add_5:v
		errors: 0, warnings: 0
	module worklib.Convolution_DW01_add_6:v
		errors: 0, warnings: 0
	module worklib.Convolution_DW01_add_7:v
		errors: 0, warnings: 0
	module worklib.Convolution_DW_mult_uns_0:v
		errors: 0, warnings: 0
	module worklib.Convolution_DW_mult_uns_1:v
		errors: 0, warnings: 0
	module worklib.Convolution_DW_mult_uns_2:v
		errors: 0, warnings: 0
	module worklib.Convolution_DW_mult_uns_3:v
		errors: 0, warnings: 0
	module worklib.Convolution_DW_mult_uns_4:v
		errors: 0, warnings: 0
	module worklib.Convolution_DW_mult_uns_5:v
		errors: 0, warnings: 0
	module worklib.Convolution_DW_mult_uns_6:v
		errors: 0, warnings: 0
	module worklib.Convolution_DW_mult_uns_7:v
		errors: 0, warnings: 0
	module worklib.Convolution_DW_mult_uns_8:v
		errors: 0, warnings: 0
file: asap7sc7p5t_SIMPLE_RVT_TT_08302018.v
	module asap7sc7p5t_SIMPLE_RVT_TT_08302018.AND5x1_ASAP7_75t_R:v
		errors: 0, warnings: 0
	module asap7sc7p5t_SIMPLE_RVT_TT_08302018.NAND5xp2_ASAP7_75t_R:v
		errors: 0, warnings: 0
	module asap7sc7p5t_SIMPLE_RVT_TT_08302018.NOR2x1_ASAP7_75t_R:v
		errors: 0, warnings: 0
	module asap7sc7p5t_SIMPLE_RVT_TT_08302018.NOR4xp25_ASAP7_75t_R:v
		errors: 0, warnings: 0
	module asap7sc7p5t_SIMPLE_RVT_TT_08302018.XOR2x2_ASAP7_75t_R:v
		errors: 0, warnings: 0
		Caching library 'asap7sc7p5t_SIMPLE_RVT_TT_08302018' ....... Done
		Caching library 'worklib' ....... Done
	Elaborating the design hierarchy:
  Convolution_DW01_add_7 add_7_root_add_0_root_add_204_8 ( .A({net8123, 
                                                       |
ncelab: *W,CUVWSP (../02_SYN/Netlist/Convolution_SYN.v,520|55): 1 output port was not connected:
ncelab: (../02_SYN/Netlist/Convolution_SYN.v,1604): CO

  Convolution_DW01_add_6 add_5_root_add_0_root_add_204_8 ( .A({net8123, 
                                                       |
ncelab: *W,CUVWSP (../02_SYN/Netlist/Convolution_SYN.v,527|55): 1 output port was not connected:
ncelab: (../02_SYN/Netlist/Convolution_SYN.v,1537): CO

  Convolution_DW01_add_5 add_3_root_add_0_root_add_204_8 ( .A({net8123, 
                                                       |
ncelab: *W,CUVWSP (../02_SYN/Netlist/Convolution_SYN.v,535|55): 1 output port was not connected:
ncelab: (../02_SYN/Netlist/Convolution_SYN.v,1468): CO

  Convolution_DW01_add_4 add_2_root_add_0_root_add_204_8 ( .A({net8123, 
                                                       |
ncelab: *W,CUVWSP (../02_SYN/Netlist/Convolution_SYN.v,542|55): 1 output port was not connected:
ncelab: (../02_SYN/Netlist/Convolution_SYN.v,1395): CO

  Convolution_DW01_add_1 add_1_root_add_0_root_add_204_8 ( .A({net8123, 
                                                       |
ncelab: *W,CUVWSP (../02_SYN/Netlist/Convolution_SYN.v,550|55): 1 output port was not connected:
ncelab: (../02_SYN/Netlist/Convolution_SYN.v,1324): CO

  Convolution_DW01_add_0 add_0_root_add_0_root_add_204_8 ( .A({net8123, 
                                                       |
ncelab: *W,CUVWSP (../02_SYN/Netlist/Convolution_SYN.v,558|55): 1 output port was not connected:
ncelab: (../02_SYN/Netlist/Convolution_SYN.v,1246): CO

	Top level design units:
		TESTBED
		DFFHQNx1_ASAP7_75t_R
		DFFHQNx2_ASAP7_75t_R
		DFFHQNx3_ASAP7_75t_R
		DFFHQx4_ASAP7_75t_R
		DFFLQNx1_ASAP7_75t_R
		DFFLQNx2_ASAP7_75t_R
		DFFLQNx3_ASAP7_75t_R
		DFFLQx4_ASAP7_75t_R
		DHLx1_ASAP7_75t_R
		DHLx2_ASAP7_75t_R
		DHLx3_ASAP7_75t_R
		DLLx1_ASAP7_75t_R
		DLLx2_ASAP7_75t_R
		DLLx3_ASAP7_75t_R
		ICGx1_ASAP7_75t_R
		ICGx2_ASAP7_75t_R
		SDFHx1_ASAP7_75t_R
		SDFHx2_ASAP7_75t_R
		SDFHx3_ASAP7_75t_R
		SDFHx4_ASAP7_75t_R
		SDFLx1_ASAP7_75t_R
		SDFLx2_ASAP7_75t_R
		SDFLx3_ASAP7_75t_R
		SDFLx4_ASAP7_75t_R
		BUFx10_ASAP7_75t_R
		BUFx12_ASAP7_75t_R
		BUFx12f_ASAP7_75t_R
		BUFx16f_ASAP7_75t_R
		BUFx24_ASAP7_75t_R
		BUFx3_ASAP7_75t_R
		BUFx4_ASAP7_75t_R
		BUFx4f_ASAP7_75t_R
		BUFx5_ASAP7_75t_R
		BUFx6f_ASAP7_75t_R
		BUFx8_ASAP7_75t_R
		HB2xp67_ASAP7_75t_R
		HB3xp67_ASAP7_75t_R
		HB4xp67_ASAP7_75t_R
		INVx11_ASAP7_75t_R
		INVx13_ASAP7_75t_R
		INVx2_ASAP7_75t_R
		INVx3_ASAP7_75t_R
		INVx5_ASAP7_75t_R
		INVx6_ASAP7_75t_R
		INVx8_ASAP7_75t_R
ncelab: *W,CUSFNF: The SDF file "Convolution_SYN.sdf" not found..
		$sdf_annotate("Convolution_SYN.sdf",u_Convolution);   	
		            |
ncelab: *W,CUSSTI (../00_TESTBED/TESTBED.v,50|14): This SDF System Task will be Ignored..
	Building instance overlay tables: .................... Done
	Generating native compiled code:
		asap7sc7p5t_SIMPLE_RVT_TT_08302018.XOR2x2_ASAP7_75t_R:v <0x2bf12432>
			streams:   0, words:     0
		worklib.Convolution:v <0x75d10567>
			streams:   0, words:     0
	Building instance specific data structures.
	Loading native compiled code:     .................... Done
	Design hierarchy summary:
		                     Instances  Unique
		Modules:                  2992      89
		UDPs:                      385      14
		Primitives:              14303       4
		Timing outputs:           3414      35
		Registers:                 241      83
		Scalar wires:             3783       -
		Expanded wires:            144      18
		Always blocks:               3       3
		Initial blocks:              7       7
		Timing checks:            6671       -
		Delayed tcheck signals:    759     246
		Simulation timescale:      1ps
	Writing initial simulation snapshot: worklib.TESTBED:v
Loading snapshot worklib.TESTBED:v .................... Done
SVSEED default: 1
*Verdi* Loading libsscore_ius152.so
ncsim> source /usr/cad/cadence/INCISIV/INCISIVE_15.20.084/tools/inca/files/ncsimrc
ncsim> run
FSDB Dumper for IUS, Release Verdi_P-2019.06, Linux x86_64/64bit, 05/26/2019
(C) 1996 - 2019 by Synopsys, Inc.
*Verdi* FSDB WARNING: The FSDB file already exists. Overwriting the FSDB file may crash the programs that are using this file.
*Verdi* : Create FSDB file 'Convolution_SYN.fsdb'
*Verdi* : Begin traversing the scopes, layer (0).
*Verdi* : Enable +mda dumping.
*Verdi* : End of traversing.
*Verdi* : Begin traversing the scopes, layer (0).
*Verdi* : End of traversing.
@@@@@@@@@@@@@@@@@@@@@@@@@@@@@@@@@@@@@@@@@@@@@@@@@@@@@@@@@@@@@@@@@@@@@@@@@@@@@@@@@@@@@@@@@8OOOOOOO8@@@@@@@@@@@@@@@@@@@@
@@@@@@@@@@@@@@@@@@@@@@@@@@@@@@@@@@@@@@@@@@@@@@@@@@@@@@@@@@@@@@@@@@@@@@@@@@@@@@@@@@@@@O               .o8@@@@@@@@@@@@@@
@@@@@@@@@@@@@@@@@@@@@@@@@@@@@@@@@@@@@@@@@@@@@@@@@@@@@@@@@@@@@@@@@@@@@@@@@@@@@@@@@@8:.                   .o@@@@@@@@@@@@
@@@@@@@@@@@@@@@@@@@@@@@@@@@@@@@@@@@@@@@@@@@@@@@@@@@@@@@@@@@@@@@@@@@@@@@@@@@@@@@@@o                         :O@@@@@@@@@
@@@@@@@@@@@@@@@@@@@@@@@@@@@@@@@@@@@@@@@@@@@@@@@@@@@@@@@@@@@@@@@@@@@@@@@@@@@@@@@@@                           .o8@@@@@@@
@@@@@@@@@@@@@@@@@@888888@@@@@@@@@@@@@@@@@@@@@@@@@@@@@@@@@@88888888OOO88@@@@@@@@@@                             :@@@@@@@
@@@@@@@@@@@@8o:.          .o8@@@@@@@@@@@@@@@@@@@88Oo:.                      .:ooo                              o@@@@@@
@@@@@@@@@@8                  .8@@@@@@@@@@@@8O:.           ..::::::ooo:.                                        .8@@@@@
@@@@@@@O.                      8@@@@@8O:.        .:O88@@@@@@@@@@@@@@@@@@@@@@@88Oo.                             :8@@@@@
@@@@@@o                        :8@@8.      .:o8@@@@@@@@@@@@@@@@@@@@@@@@@@@@@@@@@@@@OO:                         o@@@@@@
@@@@@8                          :o.     .O8@@@@@@@@@@@@@@@@@@@@@@@@@@@@@@@@@@@@@@@88@@8o.                      8@@@@@@
@@@@:                               o8@@@@@@@@@@@@@@@@@@@@@@@@@@@@@@@@@@@@@@8:          :OO.                  o@@@@@8@
@@@o.                             :O@@@@@@@@@@@@@@@@@@@@@@@@@@@@@@@@@@@@@@@@.              OO:              :8@@@@@@@@
@@8.                           O8@@@@@@@@@@O:.    .oO@@@@@@@@@@@@@@@@@@@@@@@.                o88          O@@@@@@@@@@@
@@O.                         :O@@@@@@@@@@:           o@@@@@@@@@@@@@@@@@@@@@@.                 .88o.     oO@@@@@@@@@@@@
@@O.                       :8@@@@@@@@@@8:            .O@@@@@@@@@@@@@@@@@@@@@o                  .@@8O:   o8@@@@@8@@@@@@
@@@:                      8@@@@@@@@@@O.               :8@@@@@@@@@@@@@@@@@@@@8o                  O@@@@.    8@@@@@@@@@8@
@@@@o                    :@@@@@@@@@@o                 :8@@@@@@@@@@@@@@@@@@@@@@o                 O@@@@O:   .O@@@@@@@@@@
@@@@@@.                .O@@@@@@@@@@8                  O@@@@@@@@@@@@@@@@@@@@@@@@@O             .O@@@@@@@@o   :@@@@@@@@@
@@@@@@@O:.           .O@@@@@@@@@@@@o                 .8@@@@@@@@@@@@888O8@@@@@@@@@o.         .o8@@@@@@@@@@o   o8@@@@@@@
@@@@@@@@@@8.         o@@@@@@@@@@@@@:                 o@@@@@@@O:.         :O@@@@@@@@Oo.   .:8@@@@@@@@@@@@@8     @@@@@@@
@@@@@@@@@@@@@@@@:    8@@@@@@@@@@@@@8               :8@@@@8:              .O@@@@@@@@@@@@@@@@@@@@@@@@@@@@@@@@     @@@@@@
@@@@@@@@@@@@@@@@    :@@@@@@@@@@@@@@@O.             8@@@@@8:              o@@@@@@@@@@@@@@@@@@@@@@@@@@@@@@8@@@    @@@@@@
@@@@@@@@@@@@@@@O   :@@@@@@@@@@@@@@@@@@@8O:....:O8@@@@@@@@@@@o          O@@@@@@@@@@@@@@@@@@@@@@@@@@@@@@@@8@@@@    @@@@@
@@@@@@@@@@@@@@8:  :O@@@@@@@@@@@@@@@@@@@@@@@@@@@@@@@@@@@@@@@@@Oo.    .o8@@@@@@@@@@@@@@@@@@@@@@@@@@@@@@@@@@@@@@@    @@@@
@@@@@@@@@@@@@8:   o@@@@@@@@@@@@@@@@@@@@@@@@@@@@@@@@@@@@@@@@@@@@@@8  :@@@@@@@@@@@@@@@@@@@@@@@8Ooo[0;40;31m:::::[0;40;37moOO8@@8OOo   o@@@
@@@@@@@@@@@@@O   O@@@@@@@@@@@@@@@@@@@@@@@@@@@@@@@@@@@@@@@@@@@@@@@8. .8@@8o:O@@@@@@@@@@@@@8O[0;40;31m:::::::::::::::[0;40;37mO@@@O   :@@@
@@@@@@@@@@@@@O   O@@@@@@@@@@@@@@@@@@88888@@@@@@@@@@@@@@@@@@O:oO8@8.  .:    o@@@@@@@@@@@@O[0;40;31m::::::::::::::::::[0;40;37mo8@O   :8@@
@@@@@@@@@@@@@O   O@@@@@@@@@@@@@[1;40;31mO[0;40;31m:::::::::::::[0;40;37mo8@@@@@@@@@@@@8.              :@@@@@@@@@@8o[0;40;31m::::::::::::::::::::[0;40;37mo8@:   .@@
@@@@@@@@@@@@O.  .8@@@@@@@@@@8Oo[0;40;31m.:::::::::::::::[0;40;37moO@@@@@@@@@@8:              .@@@@@@@@@@O[0;40;31m::::::::::::::::::::::[0;40;37mo8O    @@
@@@@@@@@@@@@o   O@@@@@@@@@@8o[0;40;31m::::::::::::::::::::[0;40;37mo8@@@@@@@@@O              .@@@@@@@@@@O[0;40;31m::::::::::::::::::::::[0;40;37mo8O    @@
@@@@@@@@@@@@O.  :8@@@@@@@@o[0;40;31m::::::::::::::::::::::::[0;40;37m8@@@@@@@@@              :@@@@@@@@@@8o[0;40;31m:::::::::::::::::::::[0;40;37mO@o    @@
@@@@@@@@@@@@8:  :8@@@@@@@8[0;40;31m:::::::::::::::::::::::::[0;40;37m8@@@@@@@@@              O@@@@@@@@@@@O[0;40;31m::::::::::::::::::::[0;40;37mo8@:   :@@
@@@@@@@@@@@@@O   O@@@@@@8O[0;40;31m:::::::::::::::::::::::::[0;40;37mo8@@@@@@@@O           .8@@@@@@@@@@@@@8o[0;40;31m::::::::::::::::[0;40;37mo8@@@   .O@@
@@@@@@@@@@@@@O   O8@@@@@8O[0;40;31m:::::::::::::::::::::::::[0;40;37mo8@@@@@@@@@8:       .O@@@@@@@@@@@@@@@@@O[0;40;31m::::::::::::::[0;40;37mo@@@@8   .8@@
@@@@@@@@@@@@@O   O@@@@@@@O[0;40;31m::::::::::::::::::::::::.[0;40;37mO8@@@@8OOooo:.     :@@@@@@@@@@@@@@@@@@@@8OOo[0;40;31m::::::[0;40;37mooO8@@@@@o   :@@@
@@@@@@@@@@@@@8.  o8@@@@@@@[0;40;31m:::::::::::::::::::::::::[0;40;37m8@8O.                  .:O8@@@@@@@@@@@@@@@@@@@@@@@@@@@@@@8o   o@@@@
@@@@@@@@@@@@@8:  .O@@@@@@@O[0;40;31m:::::::::::::::::::::::[0;40;37mo@O.    .:oOOOo::.           .:OO8@@@@@@@@@@@@@@@@@@@@@@@@O.  :8@@@@
@@@@@@@@@@@@@@8.  :8@@@@@@@8o[0;40;31m:::::::::::::::::::[0;40;37mO8@O    8@@@@@@@@@@@@@@@@@8O..         :oO8@@@@@@@@@@@@@@@8o.  .8@@@@@
@@@@@@@@@@@@@@@O   :8@@@@@@@@8O[0;40;31m:::::::::::::::[0;40;37mO8@@@:   .@@@@@@@@@@@@@@@@@@@@@@88Oo:.       .:O8@@@@@@@@@@@.    O@@@@@@
@@@@@@@@@@@@@@@8    O@@@@@@@@@@8Oo[0;40;31m::::::::[0;40;37mooO8@@@@@O.   O@@@@@@@@@@@@@@@@@@@@@@@@@@@@8:.      .o@@@@@@@@@o    O@@@@@@@
@@@@@@@@@@@@@@@@o    8@@@@@@@@@@@@@@@@@@@@@@@@@@@@@@8:    :O8@@@@@@@@@@@@@@@@@@@@@@@@@@@@@@o.    :O@@@8o.  .o@@@@@@@@@
@@@@@@@@@@@@@@@@@:    :8@@@@@@@@@@@@@@@@@@@@@@@@@@@@@8:      ...:oO8@@@@@@@@@@@@@@@@@@@@@@@@@O:   .O8.    .O@@@@@@@@@@
@@@@@@@@@@@@@@@@@@@O:    :@@@@@@@@@@@@@@@@@@@@@@@@@@@O.   [0;40;33m...[0;40;37m          O@@@@@@@@@@@@@@@@@@@@@@@O       .O8@@@@@@@@@@@@
@@@@@@@@@@@@@@@@@@@@@:    :O@@@@@@@@@@@@@@@@@@@@@@@@@O   [0;40;33m:O888Ooo:..[0;40;37m    :8@@@@@@@@@@@@@@@@@@@@O:     :O@@@@@@@@@@@@@@@
@@@@@@@@@@@@@@@@@@@@@8o     .O8@@@@@@@@@@@@@@@@@@@@@O:  [0;40;33m.o8888888888O.[0;40;37m  .O@@@@@@@@@@@OO888@8O:.    :O@@@@@@@@@@@@@@@@@
@@@@@@@@@@@@@@@@@@@@@@O        o8@@@@@@@@@@@@@@@@@@@o   [0;40;33m:88888888888o[0;40;37m   o8@@@@@@@:              o8@@@@@@@@@@@@@@@@@@@@
@@@@@@@@@@@@@@@@@@@@@@@:          .:88@@@@@@@@@@@@@8:   [0;40;33mo8888O88888O.[0;40;37m  .8@@@@@@@O    [1;40;33m..[0;40;37m     .::O@@@@@@@@@@@@@@@@@@@@@@
@@@@@@@@@@@@@@@@@@@@@@@O.                  .:o          [0;40;33m8888[0;40;37m@@@@[0;40;33m888o.[0;40;37m  o8@@@@@8o   [0;40;33mo88o.[0;40;37m   @@@@@@@@@@@@@@@@@@@@@@@@@@@
@@@@@@@@@@@@@@@@@@@@@@@@o        .OOo:.                 [0;40;33mO88[0;40;37m@@@@@[0;40;33m888o.[0;40;37m  :8@@@@@o   [0;40;33m:O88.[0;40;37m   .@@@@@@@@@@@@@@@@@@@@@@@@@@@
@@@@@@@@@@@@@@@@@@@@@@@@8o         :@@@@@O:             [0;40;33m.O8[0;40;37m@@@@[0;40;33m8888O:[0;40;37m   .O88O:   [0;40;33m.O88O[0;40;37m    O@@@@@@@@@@@@@@@@@@@@@@@@@@@
@@@@@@@@@@@@@@@@@@@@@@@@@@:                             [0;40;33m.o8[0;40;37m@@@@[0;40;33m[0;40;33m888888O:[0;40;37m         [0;40;33m.888O:[0;40;37m   o8@@@@@@@@@@@@@@@@@@@@@@@@@@@
@@@@@@@@@@@@@@@@@@@@@@@@@@8o                            [0;40;33m.O[0;40;37m@@@@[0;40;33m888888888Oo:...ooO8888:   [0;40;37m:8@@@@@@@@@@@@@@@@@@@@@@@@@@@@
@@@@@@@@@@@@@@@@@@@@@@@@@@@@@8o                         [0;40;33mo8[0;40;37m@@@@[0;40;33m888888888888888888888O.[0;40;37m  :8@@@@@@@@@@@@@@@@@@@@@@@@@@@@@
@@@@@@@@@@@@@@@@@@@@@@@@@@@@@@@o.                      [0;40;33m.8[0;40;37m@@@@[0;40;33m888888888888888888888O:[0;40;37m   o@@@@@@@@@@@@@@@@@@@@@@@@@@@@@@
@@@@@@@@@@@@@@@@@@@@@@@@@@@@@@@@@O:.                 [0;40;33m.o8[0;40;37m@@@@@[0;40;33m88888888888888888888Oo[0;40;37m   :8@@@@@@@@@@@@@@@@@@@@@@@@@@@@@@
@@@@@@@@@@@@@@@@@@@@@@@@@@@@@@@@@@@@@@8OOo::::::.   [0;40;33mo888[0;40;37m@@@@@[0;40;33m88888888888888888888o.[0;40;37m   @@@@@@@@@@@@@@@@@@@@@@@@@@@@@@@@
@@@@@@@@@@@@@@@@@@@@@@@@@@@@@@@@@@@@@@@@@@@@@@@8:   [0;40;33mo888[0;40;37m@@@@@[0;40;33m88888888888888888888.[0;40;37m   .@@@@@@@@@@@@@@@@@@@@@@@@@@@@@@@@
@@@@@@@@@@@@@@@@@@@@@@@@@@@@@@@@@@@@@@@@@@@@@@8:   [0;40;33mo888[0;40;37m@@@@@[0;40;33m88888888888888888888O[0;40;37m   .O@@@@@@@@@@@@@@@@@@@@@@@@@@@@@@@@
@@@@@@@@@@@@@@@@@@@@@@@@@@@@@@@@@@@@@@@@@@@@@@O.   [0;40;33mO8888[0;40;37m@@@[0;40;33m88888888888888888888O.[0;40;37m   O@@@@@@@@@@@@@@@@@@@@@@@@@@@@@@@@@
@@@@@@@@@@@@@@@@@@@@@@@@@@@@@@@@@@@@@@@@@@@@@@o    [0;40;33m8888888888888888888888888888o[0;40;37m   o8@@@@@@@@@@@@@@@@@@@@@@@@@@@@@@@@@
@@@@@@@@@@@@@@@@@@@@@@@@@@@@@@@@@@@@@@@@@@@@@@.    [0;40;33m. ..:oOO8888888888888888888o.[0;40;37m  .8@@@@@@@@@@@@@@@@@@@@@@@@@@@@@@@@@@
@@@@@@@@@@@@@@@@@@@@@@@@@@@@@@@@@@@@@@@@@@@@@@O.           [0;40;33m..:oO8888888888888O.[0;40;37m  .O@@@@@@@@@@@@@@@@@@@@@@@@@@@@@@@@@@@
@@@@@@@@@@@@@@@@@@@@@@@@@@@@@@@@@@@@@@@@@@@@@@@@@@@@@8OO.             [0;40;33m.oOO88O.[0;40;37m   O@@@@@@@@@@@@@@@@@@@@@@@@@@@@@@@@@@@@
@@@@@@@@@@@@@@@@@@@@@@@@@@@@@@@@@@@@@@@@@@@@@@@@@@@@@@@@@@@88:..          [0;40;33m...[0;40;37m    8@@@@@@@@@@@@@@@@@@@@@@@@@@@@@@@@@@@@
@@@@@@@@@@@@@@@@@@@@@@@@@@@@@@@@@@@@@@@@@@@@@@@@@@@@@@@@@@@@@@@@88Ooo:.          @@@@@@@@@@@@@@@@@@@@@@@@@@@@@@@@@@@@@
@@@@@@@@@@@@@@@@@@@@@@@@@@@@@@@@@@@@@@@@@@@@@@@@@@@@@@@@@@@@@@@@@@@@@@@@@@@8OoOO@@@@@@@@@@@@@@@@@@@@@@@@@@@@@@@@@@@@@@
@@@@@@@@@@@@@@@@@@@@@@@@@@@@@@@@@@@@@@@@@@@@@@@@@@@@@@@@@@@@@@@@@@@@@@@@@@@@@@@@@@@@@@@@@@@@@@@@@@@@@@@@@@@@@@@@@@@@@@
----------------------------------------------------------------------------------------------------------------------
                                                  Congratulations!                						            
                                           You have passed all patterns!          						            
----------------------------------------------------------------------------------------------------------------------
Simulation complete via $finish(1) at time 3173 NS + 0
../00_TESTBED/PATTERN.v:417 $finish;	
ncsim> exit
TOOL:	irun(64)	15.20-s084: Exiting on Dec 19, 2023 at 15:05:28 CST  (total: 00:00:05)
